
################################################################################
#                                                                              #
# Python FRagment Electronic Coupling (PyFREC) v2.7                            #
# Program for calculation of electronic couplings                              #
#                                                                              #
# Dmitri Kosenkov,  2016-2022                                                  #
# Monmouth University                                                          #
#                                                                              #
#########################################################################DVK####

2022-03-08 12:57:50
3.8.5 (default, Sep  3 2020, 21:29:08) [MSC v.1916 64 bit (AMD64)]
================================================================================
CONFIGURATION
Configuration File      : .\bodipy_trz_c.ini
--------------------------------------------------------------------------------
METHODS
JOB                     : MAKE_FRAGMENTS
--------------------------------------------------------------------------------
MOLECULAR_SYSTEM
GEOMETRY_FILE           : .\..\pdb\bodipy_trz_c_ac.pdb
--------------------------------------------------------------------------------
FRAGMENT1
NAME                    : BDP
ID                      : 1
--------------------------------------------------------------------------------
FRAGMENT2
NAME                    : TRZ
ID                      : 2
--------------------------------------------------------------------------------
Number of Fragments     : 2
================================================================================
Reading PDB file....
--------------------------------------------------------------------------------
FREC SAYS: FRAGMENT1 NAME = BDP ID = 1 ATOMLIST = 0 NATOMS = 48
B1       3.477        -1.514       0.278       
C2       3.542        1.461        -0.201      
C3       2.306        0.799        -0.076      
N4       2.257        -0.58        0.125       
C5       5.986        -1.11        -0.08       
C6       6.85         -0.035       -0.335      
C7       6.094        1.125        -0.416      
C8       4.737        0.731        -0.204      
N9       4.726        -0.654       -0.012      
C10      0.969        1.274        -0.147      
C11      0.143        0.16         0.027       
C12      0.974        -0.964       0.193       
F13      3.393        -2.564       -0.642      
F14      3.536        -2.033       1.579       
C15      0.567        -2.381       0.423       
C16      6.338        -2.549       0.095       
C17      -4.135       -0.011       -0.099      
C18      -3.494       0.687        0.926       
C19      -2.104       0.763        1.002       
C20      -1.336       0.124        0.009       
C21      -1.986       -0.583       -1.01       
C22      -3.369       -0.657       -1.072      
H30      5.927        -2.932       1.032       
H31      5.913        -3.149       -0.714      
H32      1.13         -2.809       1.255       
H33      -0.5         -2.436       0.643       
H34      0.774        -2.99        -0.461      
H35      7.421        -2.673       0.1         
H36      -3.855       -1.206       -1.869      
H37      -1.388       -1.076       -1.77       
H41      -4.094       1.172        1.688       
H42      7.922        -0.112       -0.456      
C43      0.466        2.655        -0.435      
H44      0.621        3.334        0.411       
H45      0.959        3.095        -1.305      
H46      -0.607       2.622        -0.637      
C47      6.667        2.476        -0.711      
H48      7.722        2.376        -0.976      
H49      6.155        2.968        -1.542      
H50      6.609        3.143        0.156       
C51      -1.459       1.507        2.143       
H52      -0.554       1.0          2.486       
H53      -1.169       2.519        1.841       
H54      -2.149       1.6          2.984       
C55      3.574        2.955        -0.336      
H56      4.503        3.37         0.046       
H57      2.758        3.417        0.215       
H58      3.479        3.248        -1.387      
--------------------------------------------------------------------------------
FREC SAYS: FRAGMENT2 NAME = TRZ ID = 2 ATOMLIST = 0 NATOMS = 10
C23      -5.611       -0.073       -0.147      
N24      -6.309       0.607        0.773       
N25      -7.619       0.549        0.728       
C26      -8.186       -0.184       -0.239      
N27      -7.489       -0.866       -1.161      
N28      -6.183       -0.811       -1.114      
C29      -9.676       -0.248       -0.303      
H38      -10.031      0.202        -1.234      
H39      -10.01       -1.288       -0.288      
H40      -10.111      0.286        0.541       
--------------------------------------------------------------------------------
Done.
