
################################################################################
#                                                                              #
# Python FRagment Electronic Coupling (PyFREC) v2.7                            #
# Program for calculation of electronic couplings                              #
#                                                                              #
# Dmitri Kosenkov,  2016-2022                                                  #
# Monmouth University                                                          #
#                                                                              #
#########################################################################DVK####

2022-03-08 12:57:50
3.8.5 (default, Sep  3 2020, 21:29:08) [MSC v.1916 64 bit (AMD64)]
================================================================================
CONFIGURATION
Configuration File      : .\bodipy_trz_a.ini
--------------------------------------------------------------------------------
METHODS
JOB                     : MAKE_FRAGMENTS
--------------------------------------------------------------------------------
MOLECULAR_SYSTEM
GEOMETRY_FILE           : .\..\pdb\bodipy_trz_a_ac.pdb
--------------------------------------------------------------------------------
FRAGMENT1
NAME                    : BDP
ID                      : 1
--------------------------------------------------------------------------------
FRAGMENT2
NAME                    : TRZ
ID                      : 2
--------------------------------------------------------------------------------
Number of Fragments     : 2
================================================================================
Reading PDB file....
--------------------------------------------------------------------------------
FREC SAYS: FRAGMENT1 NAME = BDP ID = 1 ATOMLIST = 0 NATOMS = 42
B1       4.221        0.008        0.007       
C2       1.216        -0.002       0.003       
C3       1.905        -1.217       0.001       
N4       3.301        -1.237       -0.001      
C5       3.69         2.529        -0.003      
C6       2.56         3.363        -0.003      
C7       1.426        2.564        0.001       
C8       1.896        1.218        0.002       
N9       3.292        1.247        -0.001      
C10      1.444        -2.567       -0.003      
C11      2.583        -3.358       -0.007      
C12      3.708        -2.516       -0.006      
F13      5.037        0.011        -1.129      
F14      5.017        0.011        1.158       
C15      5.147        -2.905       -0.013      
C16      5.126        2.928        -0.009      
C17      -3.063       -0.015       0.002       
C18      -2.359       -0.006       -1.206      
C19      -0.971       -0.002       -1.204      
C20      -0.272       -0.007       0.003       
C21      -0.972       -0.016       1.209       
C22      -2.36        -0.02        1.21        
H30      5.643        2.507        0.858       
H31      5.626        2.542        -0.901      
H32      5.662        -2.477       0.851       
H33      5.246        -3.99        0.011       
H34      5.642        -2.519       -0.908      
H35      5.218        4.014        0.011       
H36      -0.426       0.006        -2.143      
H37      -2.904       -0.027       2.147       
H38      -0.428       -0.02        2.148       
H42      -2.902       -0.002       -2.144      
H43      2.616        -4.439       -0.011      
H44      2.585        4.445        -0.004      
C45      0.039        -3.085       -0.002      
H46      -0.512       -2.756       0.883       
H47      -0.521       -2.736       -0.874      
H48      0.049        -4.176       -0.014      
C49      0.018        3.072        0.002       
H50      -0.534       2.734        -0.879      
H51      -0.536       2.724        0.878       
H52      0.02         4.164        0.008       
--------------------------------------------------------------------------------
FREC SAYS: FRAGMENT2 NAME = TRZ ID = 2 ATOMLIST = 0 NATOMS = 10
C23      -4.542       -0.017       0.001       
N24      -5.175       -0.018       -1.181      
N25      -6.485       -0.009       -1.183      
C26      -7.119       0.001        -0.001      
N27      -6.487       -0.016       1.181       
N28      -5.177       -0.025       1.181       
C29      -8.611       0.049        -0.004      
H39      -9.004       -0.39        0.914       
H40      -8.947       1.089        -0.059      
H41      -9.005       -0.481       -0.872      
--------------------------------------------------------------------------------
Done.
