
################################################################################
#                                                                              #
# Python FRagment Electronic Coupling (PyFREC) v2.7                            #
# Program for calculation of electronic couplings                              #
#                                                                              #
# Dmitri Kosenkov,  2016-2022                                                  #
# Monmouth University                                                          #
#                                                                              #
#########################################################################DVK####

2022-03-08 12:57:50
3.8.5 (default, Sep  3 2020, 21:29:08) [MSC v.1916 64 bit (AMD64)]
================================================================================
CONFIGURATION
Configuration File      : .\bodipy_trz_b.ini
--------------------------------------------------------------------------------
METHODS
JOB                     : MAKE_FRAGMENTS
--------------------------------------------------------------------------------
MOLECULAR_SYSTEM
GEOMETRY_FILE           : .\..\pdb\bodipy_trz_b_ac.pdb
--------------------------------------------------------------------------------
FRAGMENT1
NAME                    : BDP
ID                      : 1
--------------------------------------------------------------------------------
FRAGMENT2
NAME                    : TRZ
ID                      : 2
--------------------------------------------------------------------------------
Number of Fragments     : 2
================================================================================
Reading PDB file....
--------------------------------------------------------------------------------
FREC SAYS: FRAGMENT1 NAME = BDP ID = 1 ATOMLIST = 0 NATOMS = 42
B1       -3.755       -0.003       -0.646      
C2       -0.997       0.002        0.546       
C3       -1.623       1.218        0.264       
N4       -2.902       1.241        -0.295      
C5       -3.267       -2.524       -0.45       
C6       -2.232       -3.361       0.0         
C7       -1.192       -2.563       0.457       
C8       -1.622       -1.216       0.273       
N9       -2.901       -1.243       -0.287      
C10      -1.193       2.567        0.437       
C11      -2.233       3.361        -0.025      
C12      -3.268       2.52         -0.467      
F13      -4.06        -0.007       -2.011      
F14      -4.939       -0.001       0.1         
C15      -4.584       2.912        -1.048      
C16      -4.584       -2.919       -1.025      
C17      2.909        0.014        2.285       
C18      2.764        0.003        0.895       
C19      1.486        -0.001       0.332       
C20      0.363        0.005        1.152       
C21      0.511        0.015        2.539       
C22      1.784        0.019        3.1         
H30      -5.4         -2.509       -0.425      
H31      -4.694       -2.518       -2.036      
H32      -5.402       2.479        -0.466      
H33      -4.685       3.997        -1.059      
H34      -4.679       2.532        -2.069      
H35      -4.673       -4.005       -1.058      
H36      1.371        -0.009       -0.746      
H37      1.899        0.027        4.178       
H38      -0.369       0.02         3.173       
H42      -2.256       4.442        -0.047      
H43      -2.255       -4.442       -0.014      
C44      0.1          3.082        0.99        
H45      0.267        2.741        2.015       
H46      0.954        2.743        0.398       
H47      0.092        4.174        0.988       
C48      0.1          -3.074       1.014       
H49      0.955        -2.744       0.417       
H50      0.269        -2.719       2.034       
H51      0.091        -4.165       1.026       
H52      3.901        0.017        2.719       
--------------------------------------------------------------------------------
FREC SAYS: FRAGMENT2 NAME = TRZ ID = 2 ATOMLIST = 0 NATOMS = 10
C23      3.956        -0.002       0.02        
N24      3.766        -0.036       -1.309      
N25      4.819        -0.039       -2.085      
C26      6.031        -0.008       -1.509      
N27      6.222        0.023        -0.184      
N28      5.165        0.027        0.594       
C29      7.227        -0.01        -2.401      
H39      7.209        0.865        -3.056      
H40      8.139        0.004        -1.805      
H41      7.222        -0.9         -3.036      
--------------------------------------------------------------------------------
Done.
