
################################################################################
#                                                                              #
# Python FRagment Electronic Coupling (PyFREC) v2.7                            #
# Program for calculation of electronic couplings                              #
#                                                                              #
# Dmitri Kosenkov,  2016-2022                                                  #
# Monmouth University                                                          #
#                                                                              #
#########################################################################DVK####

2022-03-08 12:57:37
3.8.5 (default, Sep  3 2020, 21:29:08) [MSC v.1916 64 bit (AMD64)]
================================================================================
CONFIGURATION
Configuration File      : .\BODIPY_DTE_closed.ini
--------------------------------------------------------------------------------
METHODS
JOB                     : SURVEY
RATES                   : OVERLAP
--------------------------------------------------------------------------------
MOLECULAR_SYSTEM
GEOMETRY_FILE           : ./../pdb/BODIPY_DTE_closed.pdb
EL_SCR_MODEL            : 1
N                       : 1.424
--------------------------------------------------------------------------------
FRAGMENT1
NAME                    : BDP
ID                      : 1
ATOMLIST                : 0
ATOMTRANS               : 0
EXSTATE_FILE            : ./BDP.txt
EXSTATE                 : 1
--------------------------------------------------------------------------------
FRAGMENT2
NAME                    : DTE
ID                      : 2
ATOMLIST                : 0
ATOMTRANS               : 0
EXSTATE_FILE            : ./DTE_closed.txt
EXSTATE                 : 1
--------------------------------------------------------------------------------
Number of Fragments     : 2
================================================================================
Reading PDB file....
--------------------------------------------------------------------------------
FREC SAYS: FRAGMENT1 NAME = BDP ID = 1 ATOMLIST = 0 NATOMS = 44
B1       -12.174      0.446        0.285       
C2       -9.183       0.274        0.123       
C3       -9.865       1.15         -0.725      
N4       -11.255      1.236        -0.676      
C5       -11.662      -1.364       2.042       
C6       -10.542      -2.012       2.607       
C7       -9.409       -1.507       1.973       
C8       -9.867       -0.54        1.031       
N9       -11.257      -0.488       1.111       
C10      -9.405       2.049        -1.732      
C11      -10.537      2.652        -2.275      
C12      -11.657      2.131        -1.59       
F13      -13.1        -0.306       -0.443      
F14      -12.851      1.329        1.138       
C15      -13.098      2.459        -1.799      
C16      -13.105      -1.575       2.354       
H24      -13.606      -0.617       2.511       
H25      -13.606      -2.071       1.518       
H26      -13.596      2.606        -0.839      
H27      -13.207      3.363        -2.398      
H28      -13.608      1.637        -2.311      
H29      -13.225      -2.192       3.245       
C34      -7.993       2.329        -2.149      
H35      -7.403       2.73         -1.32       
H36      -7.484       1.425        -2.494      
H37      -7.974       3.06         -2.959      
C38      -8.0         -1.935       2.247       
H39      -7.542       -2.391       1.364       
H40      -7.366       -1.092       2.534       
H41      -7.975       -2.671       3.053       
C42      -10.599      -3.088       3.653       
H43      -9.703       -3.042       4.281       
H44      -11.442      -2.903       4.328       
C45      -10.729      -4.492       3.05        
H46      -9.876       -4.713       2.401       
H47      -10.771      -5.255       3.833       
H48      -11.637      -4.571       2.446       
C49      -10.587      3.7          -3.349      
H50      -9.793       3.518        -4.08       
H51      -11.526      3.613        -3.905      
C52      -10.453      5.123        -2.793      
H53      -11.258      5.34         -2.084      
H54      -9.502       5.243        -2.263      
H55      -10.494      5.865        -3.595      
--------------------------------------------------------------------------------
FREC SAYS: FRAGMENT2 NAME = DTE ID = 2 ATOMLIST = 0 NATOMS = 68
C17      -4.907       0.068        -0.066      
C18      -5.693       -0.78        -0.86       
C19      -7.078       -0.711       -0.796      
C20      -7.699       0.202        0.056       
C21      -6.921       1.049        0.847       
C22      -5.536       0.985        0.789       
C23      -3.48        -0.001       -0.127      
H30      -7.683       -1.369       -1.411      
H31      -4.933       1.643        1.405       
H32      -7.405       1.76         1.509       
H33      -5.212       -1.49        -1.523      
C56      -0.846       -0.129       -0.238      
C57      -0.059       0.66         0.613       
C58      1.324        0.591        0.552       
C59      1.961        -0.267       -0.355      
C60      1.17         -1.047       -1.211      
C61      -0.212       -0.984       -1.153      
H62      -0.538       1.324        1.324       
H63      1.913        1.2          1.231       
H64      1.64         -1.694       -1.943      
H65      -0.812       -1.589       -1.823      
C66      -2.272       -0.059       -0.178      
C67      5.567        -1.235       -0.767      
C68      6.569        -2.127       -0.916      
C69      7.954        -1.763       -0.674      
C70      3.425        -0.359       -0.412      
C71      4.147        -1.419       -0.848      
H72      3.7          -2.355       -1.158      
C73      8.282        -0.603       -0.062      
C74      9.564        -0.023       0.2         
C75      9.517        1.264        0.627       
S76      7.874        1.91         0.771       
H77      10.489       -0.548       0.001       
S78      4.409        1.004        0.145       
C79      6.488        -3.549       -1.372      
C80      7.912        -4.109       -1.1        
C81      8.84         -2.866       -1.15       
F82      5.544        -4.284       -0.736      
F83      6.228        -3.647       -2.705      
F84      7.947        -4.62        0.15        
F85      8.269        -5.066       -1.969      
F86      9.953        -3.054       -0.405      
F87      9.247        -2.688       -2.439      
C88      10.66        2.12         0.954       
C89      10.559       3.514        0.927       
C90      11.9         1.555        1.3         
C91      11.646       4.33         1.221       
H92      9.619        3.987        0.656       
C93      12.988       2.352        1.594       
H94      12.006       0.477        1.359       
C95      12.872       3.749        1.556       
H96      11.525       5.405        1.182       
H97      13.942       1.916        1.868       
O98      13.99        4.44         1.861       
C99      13.927       5.857        1.848       
H100     13.673       6.236        0.852       
H101     13.199       6.23         2.577       
H102     14.923       6.205        2.123       
C103     5.958        0.22         -0.497      
C104     6.297        0.871        -1.854      
H105     5.45         0.748        -2.532      
H106     6.505        1.936        -1.74       
H107     7.171        0.388        -2.299      
C108     7.133        0.237        0.504       
C109     6.772        -0.35        1.886       
H110     6.013        0.255        2.384       
H111     6.393        -1.37        1.778       
H112     7.668        -0.376       2.509       
--------------------------------------------------------------------------------
Reading excited states file...

Fragment: BDP1 tabulated normalized EMISSION spectrum is available. Maximum: 18281.54  cm-1 ( 547.0 nm ) I= 1.0  Arb. Units; Integration limits: 506 - 830 nm
Maximum of the emission is obtained from the tabulated spectrum.

Fragment: DTE2 tabulated ABSORPTION spectrum is available. Maximum: 28248.59  cm-1 ( 354.0 nm ) Eps= 35616.0 M-1 cm-1; Integration limits: 434 - 830 nm
Maximum of the absorption is obtained from the tabulated spectrum.
--------------------------------------------------------------------------------
FRAGMENT1 NAME = BDP ID = 1
EXSTATE_FILE = ./BDP.txt
B1       0.001        -1.3456      0.0017      
C2       -0.0034      1.6568       -0.0001     
C3       1.2119       0.9722       0.1271      
N4       1.2328       -0.421       0.1447      
C5       -2.5053      -0.829       -0.2647     
C6       -3.3596      0.2935       -0.3359     
C7       -2.558       1.4293       -0.2378     
C8       -1.2106      0.9656       -0.1274     
N9       -1.2319      -0.4235      -0.1448     
C10      2.557        1.4332       0.2367      
C11      3.3594       0.2986       0.3357      
C12      2.5067       -0.8251      0.2642      
F13      -0.1395      -2.1505      1.1387      
F14      0.1421       -2.1547      -1.1315     
C15      2.8824       -2.268       0.2804      
C16      -2.8786      -2.2723      -0.2819     
H17      -2.2555      -2.8203      -0.9911     
H18      -2.7151      -2.7172      0.704       
H19      2.758        -2.7021      -0.7158     
H20      3.9205       -2.3972      0.5871      
H21      2.234        -2.8244      0.9606      
H22      -3.9272      -2.4009      -0.5507     
C23      3.0559       2.8457       0.2362      
H24      2.6435       3.4192       -0.5974     
H25      2.7792       3.372        1.1545      
H26      4.144        2.864        0.152       
C27      -3.0594      2.8406       -0.2378     
H28      -2.653       3.4139       0.5991      
H29      -2.7788      3.3695       -1.1532     
H30      -4.1486      2.8572       -0.1591     
C31      -4.8568      0.2368       -0.4376     
H32      -5.2249      1.1255       -0.9598     
H33      -5.1515      -0.6152      -1.0598     
C34      -5.5382      0.1276       0.9313      
H35      -5.2856      0.9887       1.558       
H36      -6.6259      0.0861       0.8284      
H37      -5.2095      -0.7738      1.4575      
C38      4.857        0.2434       0.4364      
H39      5.2254       1.1369       0.9489      
H40      5.1519       -0.6031      1.0675      
C41      5.5368       0.1186       -0.9324     
H42      5.2075       -0.7894      -1.4472     
H43      5.284        0.973        -1.5678     
H44      6.6247       0.0774       -0.8294     
--------------------------------------------------------------------------------
Coordinates of origin:
(0.0          0.0          0.0         )
None
--------------------------------------------------------------------------------
Excited states read from the input file:
State, Abs. Max, nm, Transition Dipole Moment (x,y,z) ea0, abs. ea0, Debye  
1     0.0          (-3.4021      0.0001       -0.2557     ) 3.4117       8.6717       547.0        
--------------------------------------------------------------------------------
FRAGMENT2 NAME = DTE ID = 2
EXSTATE_FILE = ./DTE_closed.txt
C1       -10.0177     -1.3397      -0.0862     
C2       -10.9234     -0.362       0.3513      
C3       -12.2897     -0.601       0.2954      
C4       -12.7729     -1.8143      -0.1942     
C5       -11.8755     -2.7908      -0.6293     
C6       -10.5084     -2.5585      -0.5773     
C7       -8.6095      -1.0971      -0.0325     
H8       -12.9875     0.1577       0.6339      
H9       -9.8125      -3.3178      -0.9168     
H10      -12.2523     -3.7351      -1.0092     
H11      -10.5495     0.5814       0.7323      
C12      -6.0102      -0.6493      0.0649      
C13      -5.1064      -1.5914      -0.4466     
C14      -3.7419      -1.3537      -0.3935     
C15      -3.2402      -0.171       0.1669      
C16      -4.1473      0.7641       0.6862      
C17      -5.5115      0.5331       0.6338      
H18      -5.4803      -2.5083      -0.8886     
H19      -3.0615      -2.0906      -0.8093     
H20      -3.7817      1.6713       1.1537      
H21      -6.202       1.2619       1.0424      
C22      -7.4173      -0.8923      0.0125      
C23      0.227        1.2707       0.2679      
C24      1.1274       2.264        0.1113      
C25      2.5521       1.9939       0.0312      
C26      -1.7972      0.0957       0.2094      
C27      -1.2065      1.3137       0.2593      
H28      -1.7588      2.2439       0.2174      
C29      3.0238       0.7377       -0.1336     
C30      4.3685       0.2479       -0.1587     
C31      4.4704       -1.1042      -0.1113     
S32      2.9086       -1.9371      -0.045      
H33      5.2258       0.9079       -0.1417     
S34      -0.6565      -1.2585      0.1763      
C35      0.8835       3.7379       0.0423      
C36      2.2577       4.3231       -0.3872     
C37      3.2995       3.2838       0.106       
F38      -0.094       4.0998       -0.8234     
F39      0.5464       4.2601       1.2538      
F40      2.307        4.3724       -1.7362     
F41      2.4734       5.5541       0.0992      
F42      4.4258       3.3249       -0.6417     
F43      3.6547       3.6071       1.382       
C44      5.7074       -1.889       -0.1032     
C45      5.7427       -3.1903      0.4061      
C46      6.9021       -1.3449      -0.6064     
C47      6.9184       -3.9326      0.4305      
H48      4.841        -3.6414      0.8113      
C49      8.077        -2.0693      -0.5887     
H50      6.9046       -0.3486      -1.0357     
C51      8.0971       -3.3713      -0.0682     
H52      6.9018       -4.9346      0.8397      
H53      8.9964       -1.6522      -0.9836     
O54      9.2919       -3.9974      -0.0973     
C55      9.3679       -5.3209      0.4075      
H56      9.1011       -5.3588      1.4694      
H57      8.7188       -6.0001      -0.1564     
H58      10.4062      -5.6303      0.2853      
C59      0.7726       -0.1356      0.5272      
C60      1.1032       -0.2374      2.0308      
H61      0.2142       0.0177       2.6112      
H62      1.4205       -1.2466      2.2978      
H63      1.9012       0.4626       2.2922      
C64      1.9938       -0.3671      -0.3881     
C65      1.649        -0.336       -1.8931     
H66      0.98         -1.1553      -2.1601     
H67      1.1665       0.6103       -2.1526     
H68      2.5692       -0.4278      -2.4731     
--------------------------------------------------------------------------------
Coordinates of origin:
(0.0          0.0          0.0         )
None
--------------------------------------------------------------------------------
Excited states read from the input file:
State, Abs. Max, nm, Transition Dipole Moment (x,y,z) ea0, abs. ea0, Debye  
1     354.0        (3.4454       -0.525       -0.1907     ) 3.4904       8.8717       0.0          
--------------------------------------------------------------------------------
Transforming fragments...
--------------------------------------------------------------------------------
FRAGMENT1 NAME = BDP ID = 1
--------------------------------------------------------------------------------
Original coordinates used for matching (independent atom index):
B1       0.001        -1.3456      0.0017      
C2       -0.0034      1.6568       -0.0001     
C3       1.2119       0.9722       0.1271      
N4       1.2328       -0.421       0.1447      
C5       -2.5053      -0.829       -0.2647     
C6       -3.3596      0.2935       -0.3359     
C7       -2.558       1.4293       -0.2378     
C8       -1.2106      0.9656       -0.1274     
N9       -1.2319      -0.4235      -0.1448     
C10      2.557        1.4332       0.2367      
C11      3.3594       0.2986       0.3357      
C12      2.5067       -0.8251      0.2642      
F13      -0.1395      -2.1505      1.1387      
F14      0.1421       -2.1547      -1.1315     
C15      2.8824       -2.268       0.2804      
C16      -2.8786      -2.2723      -0.2819     
H17      -2.2555      -2.8203      -0.9911     
H18      -2.7151      -2.7172      0.704       
H19      2.758        -2.7021      -0.7158     
H20      3.9205       -2.3972      0.5871      
H21      2.234        -2.8244      0.9606      
H22      -3.9272      -2.4009      -0.5507     
C23      3.0559       2.8457       0.2362      
H24      2.6435       3.4192       -0.5974     
H25      2.7792       3.372        1.1545      
H26      4.144        2.864        0.152       
C27      -3.0594      2.8406       -0.2378     
H28      -2.653       3.4139       0.5991      
H29      -2.7788      3.3695       -1.1532     
H30      -4.1486      2.8572       -0.1591     
C31      -4.8568      0.2368       -0.4376     
H32      -5.2249      1.1255       -0.9598     
H33      -5.1515      -0.6152      -1.0598     
C34      -5.5382      0.1276       0.9313      
H35      -5.2856      0.9887       1.558       
H36      -6.6259      0.0861       0.8284      
H37      -5.2095      -0.7738      1.4575      
C38      4.857        0.2434       0.4364      
H39      5.2254       1.1369       0.9489      
H40      5.1519       -0.6031      1.0675      
C41      5.5368       0.1186       -0.9324     
H42      5.2075       -0.7894      -1.4472     
H43      5.284        0.973        -1.5678     
H44      6.6247       0.0774       -0.8294     

Mol. Sys. (target) coordinates used for matching:
B1       -12.174      0.446        0.285       
C2       -9.183       0.274        0.123       
C3       -9.865       1.15         -0.725      
N4       -11.255      1.236        -0.676      
C5       -11.662      -1.364       2.042       
C6       -10.542      -2.012       2.607       
C7       -9.409       -1.507       1.973       
C8       -9.867       -0.54        1.031       
N9       -11.257      -0.488       1.111       
C10      -9.405       2.049        -1.732      
C11      -10.537      2.652        -2.275      
C12      -11.657      2.131        -1.59       
F13      -13.1        -0.306       -0.443      
F14      -12.851      1.329        1.138       
C15      -13.098      2.459        -1.799      
C16      -13.105      -1.575       2.354       
H24      -13.606      -0.617       2.511       
H25      -13.606      -2.071       1.518       
H26      -13.596      2.606        -0.839      
H27      -13.207      3.363        -2.398      
H28      -13.608      1.637        -2.311      
H29      -13.225      -2.192       3.245       
C34      -7.993       2.329        -2.149      
H35      -7.403       2.73         -1.32       
H36      -7.484       1.425        -2.494      
H37      -7.974       3.06         -2.959      
C38      -8.0         -1.935       2.247       
H39      -7.542       -2.391       1.364       
H40      -7.366       -1.092       2.534       
H41      -7.975       -2.671       3.053       
C42      -10.599      -3.088       3.653       
H43      -9.703       -3.042       4.281       
H44      -11.442      -2.903       4.328       
C45      -10.729      -4.492       3.05        
H46      -9.876       -4.713       2.401       
H47      -10.771      -5.255       3.833       
H48      -11.637      -4.571       2.446       
C49      -10.587      3.7          -3.349      
H50      -9.793       3.518        -4.08       
H51      -11.526      3.613        -3.905      
C52      -10.453      5.123        -2.793      
H53      -11.258      5.34         -2.084      
H54      -9.502       5.243        -2.263      
H55      -10.494      5.865        -3.595      
--------------------------------------------------------------------------------
User defined center within coordinate system of the fragment: [0. 0. 0.]
Transformed origin : [-10.811821     0.33532169   0.17308988]
Norm               : 10.81840441136764
[-3.4021e+00  1.0000e-04 -2.5570e-01]
--------------------------------------------------------------------------------
Mol. Sys. (target) coordinates all atoms:
B1       -12.174      0.446        0.285       
C2       -9.183       0.274        0.123       
C3       -9.865       1.15         -0.725      
N4       -11.255      1.236        -0.676      
C5       -11.662      -1.364       2.042       
C6       -10.542      -2.012       2.607       
C7       -9.409       -1.507       1.973       
C8       -9.867       -0.54        1.031       
N9       -11.257      -0.488       1.111       
C10      -9.405       2.049        -1.732      
C11      -10.537      2.652        -2.275      
C12      -11.657      2.131        -1.59       
F13      -13.1        -0.306       -0.443      
F14      -12.851      1.329        1.138       
C15      -13.098      2.459        -1.799      
C16      -13.105      -1.575       2.354       
H17      -13.606      -0.617       2.511       
H18      -13.606      -2.071       1.518       
H19      -13.596      2.606        -0.839      
H20      -13.207      3.363        -2.398      
H21      -13.608      1.637        -2.311      
H22      -13.225      -2.192       3.245       
C23      -7.993       2.329        -2.149      
H24      -7.403       2.73         -1.32       
H25      -7.484       1.425        -2.494      
H26      -7.974       3.06         -2.959      
C27      -8.0         -1.935       2.247       
H28      -7.542       -2.391       1.364       
H29      -7.366       -1.092       2.534       
H30      -7.975       -2.671       3.053       
C31      -10.599      -3.088       3.653       
H32      -9.703       -3.042       4.281       
H33      -11.442      -2.903       4.328       
C34      -10.729      -4.492       3.05        
H35      -9.876       -4.713       2.401       
H36      -10.771      -5.255       3.833       
H37      -11.637      -4.571       2.446       
C38      -10.587      3.7          -3.349      
H39      -9.793       3.518        -4.08       
H40      -11.526      3.613        -3.905      
C41      -10.453      5.123        -2.793      
H42      -11.258      5.34         -2.084      
H43      -9.502       5.243        -2.263      
H44      -10.494      5.865        -3.595      
--------------------------------------------------------------------------------
Transformed coordinates (independent index) compare against target...
B1       -12.1541     0.4064       0.2353      
C2       -9.1593      0.2449       0.0964      
C3       -9.8402      1.1182       -0.7611     
N4       -11.2308     1.1965       -0.7217     
C5       -11.6426     -1.3446      2.0497      
C6       -10.5256     -2.0044      2.6082      
C7       -9.3924      -1.5218      1.9562      
C8       -9.8506      -0.5493      1.0144      
N9       -11.2351     -0.4803      1.1076      
C10      -9.3759      2.0405       -1.7449     
C11      -10.5074     2.6436       -2.29       
C12      -11.6308     2.1044       -1.6252     
F13      -13.0387     -0.3978      -0.4935     
F14      -12.8797     1.2942       1.0377      
C15      -13.0679     2.4548       -1.8141     
C16      -13.0844     -1.5393      2.3754      
H17      -13.5751     -0.5766      2.5302      
H18      -13.5964     -2.0342      1.545       
H19      -13.4315     3.0325       -0.9595     
H20      -13.2091     3.0476       -2.718      
H21      -13.6768     1.5504       -1.8778     
H22      -13.2031     -2.1511      3.2699      
C23      -7.9625      2.3435       -2.1379     
H24      -7.3352      2.5439       -1.266      
H25      -7.505       1.508        -2.676      
H26      -7.9284      3.2209       -2.7862     
C27      -7.9893      -1.9762      2.2165      
H28      -7.473       -2.2442      1.2913      
H29      -7.3944      -1.1957      2.6995      
H30      -7.9881      -2.8528      2.868       
C31      -10.5885     -3.0684      3.6661      
H32      -9.6685      -3.054       4.2587      
H33      -11.397      -2.841       4.3693      
C34      -10.8005     -4.47        3.0824      
H35      -9.9836      -4.7327      2.4029      
H36      -10.8444     -5.224       3.8729      
H37      -11.7339     -4.5161      2.5131      
C38      -10.556      3.7145       -3.3421     
H39      -9.6978      3.612        -4.0125     
H40      -11.4423     3.5715       -3.9712     
C41      -10.5776     5.1272       -2.7462     
H42      -11.4498     5.2615       -2.0988     
H43      -9.6826      5.3045       -2.1417     
H44      -10.6161     5.8858       -3.5329     
--------------------------------------------------------------------------------
TRANSFOMRATION
Scaling     : 0.9999519581909939 (not used info. only)
Translation : [-10.811821     0.33532169   0.17308988]
Norm        : 10.81840441136764
Rotation    :
[[ 0.00903537  0.75691153 -0.65345489]
 [ 0.99745172 -0.05307104 -0.04768154]
 [-0.07077024 -0.65135889 -0.75546222]]
Axis-Angl   : (-0.6916435101399022 -0.6675918205471941 0.2755910303689761) 154.12508697065644 deg

--------------------------------------------------------------------------------
METRICS REPORT
Transformation errors, Angstrom     SUM            RMS            N             
All atoms:                        : 1.1889809112685237 0.16438459002571074 44            
Only matched atoms:               : 1.1889809112685237 0.16438459002571074 44            
--------------------------------------------------------------------------------
FRAGMENT2 NAME = DTE ID = 2
--------------------------------------------------------------------------------
Original coordinates used for matching (independent atom index):
C1       -10.0177     -1.3397      -0.0862     
C2       -10.9234     -0.362       0.3513      
C3       -12.2897     -0.601       0.2954      
C4       -12.7729     -1.8143      -0.1942     
C5       -11.8755     -2.7908      -0.6293     
C6       -10.5084     -2.5585      -0.5773     
C7       -8.6095      -1.0971      -0.0325     
H8       -12.9875     0.1577       0.6339      
H9       -9.8125      -3.3178      -0.9168     
H10      -12.2523     -3.7351      -1.0092     
H11      -10.5495     0.5814       0.7323      
C12      -6.0102      -0.6493      0.0649      
C13      -5.1064      -1.5914      -0.4466     
C14      -3.7419      -1.3537      -0.3935     
C15      -3.2402      -0.171       0.1669      
C16      -4.1473      0.7641       0.6862      
C17      -5.5115      0.5331       0.6338      
H18      -5.4803      -2.5083      -0.8886     
H19      -3.0615      -2.0906      -0.8093     
H20      -3.7817      1.6713       1.1537      
H21      -6.202       1.2619       1.0424      
C22      -7.4173      -0.8923      0.0125      
C23      0.227        1.2707       0.2679      
C24      1.1274       2.264        0.1113      
C25      2.5521       1.9939       0.0312      
C26      -1.7972      0.0957       0.2094      
C27      -1.2065      1.3137       0.2593      
H28      -1.7588      2.2439       0.2174      
C29      3.0238       0.7377       -0.1336     
C30      4.3685       0.2479       -0.1587     
C31      4.4704       -1.1042      -0.1113     
S32      2.9086       -1.9371      -0.045      
H33      5.2258       0.9079       -0.1417     
S34      -0.6565      -1.2585      0.1763      
C35      0.8835       3.7379       0.0423      
C36      2.2577       4.3231       -0.3872     
C37      3.2995       3.2838       0.106       
F38      -0.094       4.0998       -0.8234     
F39      0.5464       4.2601       1.2538      
F40      2.307        4.3724       -1.7362     
F41      2.4734       5.5541       0.0992      
F42      4.4258       3.3249       -0.6417     
F43      3.6547       3.6071       1.382       
C44      5.7074       -1.889       -0.1032     
C45      5.7427       -3.1903      0.4061      
C46      6.9021       -1.3449      -0.6064     
C47      6.9184       -3.9326      0.4305      
H48      4.841        -3.6414      0.8113      
C49      8.077        -2.0693      -0.5887     
H50      6.9046       -0.3486      -1.0357     
C51      8.0971       -3.3713      -0.0682     
H52      6.9018       -4.9346      0.8397      
H53      8.9964       -1.6522      -0.9836     
O54      9.2919       -3.9974      -0.0973     
C55      9.3679       -5.3209      0.4075      
H56      9.1011       -5.3588      1.4694      
H57      8.7188       -6.0001      -0.1564     
H58      10.4062      -5.6303      0.2853      
C59      0.7726       -0.1356      0.5272      
C60      1.1032       -0.2374      2.0308      
H61      0.2142       0.0177       2.6112      
H62      1.4205       -1.2466      2.2978      
H63      1.9012       0.4626       2.2922      
C64      1.9938       -0.3671      -0.3881     
C65      1.649        -0.336       -1.8931     
H66      0.98         -1.1553      -2.1601     
H67      1.1665       0.6103       -2.1526     
H68      2.5692       -0.4278      -2.4731     

Mol. Sys. (target) coordinates used for matching:
C17      -4.907       0.068        -0.066      
C18      -5.693       -0.78        -0.86       
C19      -7.078       -0.711       -0.796      
C20      -7.699       0.202        0.056       
C21      -6.921       1.049        0.847       
C22      -5.536       0.985        0.789       
C23      -3.48        -0.001       -0.127      
H30      -7.683       -1.369       -1.411      
H31      -4.933       1.643        1.405       
H32      -7.405       1.76         1.509       
H33      -5.212       -1.49        -1.523      
C56      -0.846       -0.129       -0.238      
C57      -0.059       0.66         0.613       
C58      1.324        0.591        0.552       
C59      1.961        -0.267       -0.355      
C60      1.17         -1.047       -1.211      
C61      -0.212       -0.984       -1.153      
H62      -0.538       1.324        1.324       
H63      1.913        1.2          1.231       
H64      1.64         -1.694       -1.943      
H65      -0.812       -1.589       -1.823      
C66      -2.272       -0.059       -0.178      
C67      5.567        -1.235       -0.767      
C68      6.569        -2.127       -0.916      
C69      7.954        -1.763       -0.674      
C70      3.425        -0.359       -0.412      
C71      4.147        -1.419       -0.848      
H72      3.7          -2.355       -1.158      
C73      8.282        -0.603       -0.062      
C74      9.564        -0.023       0.2         
C75      9.517        1.264        0.627       
S76      7.874        1.91         0.771       
H77      10.489       -0.548       0.001       
S78      4.409        1.004        0.145       
C79      6.488        -3.549       -1.372      
C80      7.912        -4.109       -1.1        
C81      8.84         -2.866       -1.15       
F82      5.544        -4.284       -0.736      
F83      6.228        -3.647       -2.705      
F84      7.947        -4.62        0.15        
F85      8.269        -5.066       -1.969      
F86      9.953        -3.054       -0.405      
F87      9.247        -2.688       -2.439      
C88      10.66        2.12         0.954       
C89      10.559       3.514        0.927       
C90      11.9         1.555        1.3         
C91      11.646       4.33         1.221       
H92      9.619        3.987        0.656       
C93      12.988       2.352        1.594       
H94      12.006       0.477        1.359       
C95      12.872       3.749        1.556       
H96      11.525       5.405        1.182       
H97      13.942       1.916        1.868       
O98      13.99        4.44         1.861       
C99      13.927       5.857        1.848       
H100     13.673       6.236        0.852       
H101     13.199       6.23         2.577       
H102     14.923       6.205        2.123       
C103     5.958        0.22         -0.497      
C104     6.297        0.871        -1.854      
H105     5.45         0.748        -2.532      
H106     6.505        1.936        -1.74       
H107     7.171        0.388        -2.299      
C108     7.133        0.237        0.504       
C109     6.772        -0.35        1.886       
H110     6.013        0.255        2.384       
H111     6.393        -1.37        1.778       
H112     7.668        -0.376       2.509       
--------------------------------------------------------------------------------
User defined center within coordinate system of the fragment: [0. 0. 0.]
Transformed origin : [ 5.19753923 -0.1660282  -0.08961081]
Norm               : 5.200962359842994
[ 3.4454 -0.525  -0.1907]
--------------------------------------------------------------------------------
Mol. Sys. (target) coordinates all atoms:
C1       -4.907       0.068        -0.066      
C2       -5.693       -0.78        -0.86       
C3       -7.078       -0.711       -0.796      
C4       -7.699       0.202        0.056       
C5       -6.921       1.049        0.847       
C6       -5.536       0.985        0.789       
C7       -3.48        -0.001       -0.127      
H8       -7.683       -1.369       -1.411      
H9       -4.933       1.643        1.405       
H10      -7.405       1.76         1.509       
H11      -5.212       -1.49        -1.523      
C12      -0.846       -0.129       -0.238      
C13      -0.059       0.66         0.613       
C14      1.324        0.591        0.552       
C15      1.961        -0.267       -0.355      
C16      1.17         -1.047       -1.211      
C17      -0.212       -0.984       -1.153      
H18      -0.538       1.324        1.324       
H19      1.913        1.2          1.231       
H20      1.64         -1.694       -1.943      
H21      -0.812       -1.589       -1.823      
C22      -2.272       -0.059       -0.178      
C23      5.567        -1.235       -0.767      
C24      6.569        -2.127       -0.916      
C25      7.954        -1.763       -0.674      
C26      3.425        -0.359       -0.412      
C27      4.147        -1.419       -0.848      
H28      3.7          -2.355       -1.158      
C29      8.282        -0.603       -0.062      
C30      9.564        -0.023       0.2         
C31      9.517        1.264        0.627       
S32      7.874        1.91         0.771       
H33      10.489       -0.548       0.001       
S34      4.409        1.004        0.145       
C35      6.488        -3.549       -1.372      
C36      7.912        -4.109       -1.1        
C37      8.84         -2.866       -1.15       
F38      5.544        -4.284       -0.736      
F39      6.228        -3.647       -2.705      
F40      7.947        -4.62        0.15        
F41      8.269        -5.066       -1.969      
F42      9.953        -3.054       -0.405      
F43      9.247        -2.688       -2.439      
C44      10.66        2.12         0.954       
C45      10.559       3.514        0.927       
C46      11.9         1.555        1.3         
C47      11.646       4.33         1.221       
H48      9.619        3.987        0.656       
C49      12.988       2.352        1.594       
H50      12.006       0.477        1.359       
C51      12.872       3.749        1.556       
H52      11.525       5.405        1.182       
H53      13.942       1.916        1.868       
O54      13.99        4.44         1.861       
C55      13.927       5.857        1.848       
H56      13.673       6.236        0.852       
H57      13.199       6.23         2.577       
H58      14.923       6.205        2.123       
C59      5.958        0.22         -0.497      
C60      6.297        0.871        -1.854      
H61      5.45         0.748        -2.532      
H62      6.505        1.936        -1.74       
H63      7.171        0.388        -2.299      
C64      7.133        0.237        0.504       
C65      6.772        -0.35        1.886       
H66      6.013        0.255        2.384       
H67      6.393        -1.37        1.778       
H68      7.668        -0.376       2.509       
--------------------------------------------------------------------------------
Transformed coordinates (independent index) compare against target...
C1       -4.907       0.068        -0.066      
C2       -5.693       -0.78        -0.86       
C3       -7.078       -0.711       -0.796      
C4       -7.699       0.202        0.056       
C5       -6.921       1.049        0.847       
C6       -5.536       0.985        0.789       
C7       -3.48        -0.001       -0.127      
H8       -7.683       -1.369       -1.411      
H9       -4.933       1.643        1.405       
H10      -7.405       1.76         1.509       
H11      -5.212       -1.49        -1.523      
C12      -0.846       -0.129       -0.238      
C13      -0.059       0.66         0.613       
C14      1.324        0.591        0.552       
C15      1.961        -0.267       -0.355      
C16      1.17         -1.047       -1.211      
C17      -0.212       -0.984       -1.153      
H18      -0.538       1.324        1.324       
H19      1.913        1.2          1.231       
H20      1.64         -1.694       -1.943      
H21      -0.812       -1.589       -1.823      
C22      -2.272       -0.059       -0.178      
C23      5.567        -1.235       -0.767      
C24      6.569        -2.127       -0.916      
C25      7.954        -1.763       -0.674      
C26      3.425        -0.359       -0.412      
C27      4.147        -1.419       -0.848      
H28      3.7          -2.355       -1.158      
C29      8.282        -0.603       -0.062      
C30      9.564        -0.023       0.2         
C31      9.517        1.264        0.627       
S32      7.874        1.91         0.771       
H33      10.489       -0.548       0.001       
S34      4.409        1.004        0.145       
C35      6.488        -3.549       -1.372      
C36      7.912        -4.109       -1.1        
C37      8.84         -2.866       -1.15       
F38      5.544        -4.284       -0.736      
F39      6.228        -3.647       -2.705      
F40      7.947        -4.62        0.15        
F41      8.269        -5.066       -1.969      
F42      9.953        -3.054       -0.405      
F43      9.247        -2.688       -2.439      
C44      10.66        2.12         0.954       
C45      10.559       3.514        0.927       
C46      11.9         1.555        1.3         
C47      11.646       4.33         1.221       
H48      9.619        3.987        0.656       
C49      12.988       2.352        1.594       
H50      12.006       0.477        1.359       
C51      12.872       3.749        1.556       
H52      11.525       5.405        1.182       
H53      13.942       1.916        1.868       
O54      13.99        4.44         1.861       
C55      13.927       5.857        1.848       
H56      13.673       6.236        0.852       
H57      13.199       6.23         2.577       
H58      14.923       6.205        2.123       
C59      5.958        0.22         -0.497      
C60      6.297        0.871        -1.854      
H61      5.45         0.748        -2.532      
H62      6.505        1.936        -1.74       
H63      7.171        0.388        -2.299      
C64      7.133        0.237        0.504       
C65      6.772        -0.35        1.886       
H66      6.013        0.255        2.384       
H67      6.393        -1.37        1.778       
H68      7.668        -0.376       2.509       
--------------------------------------------------------------------------------
TRANSFOMRATION
Scaling     : 1.000000002721031 (not used info. only)
Translation : [ 5.19753923 -0.1660282  -0.08961081]
Norm        : 5.200962359842994
Rotation    :
[[ 0.99380675  0.09830426  0.05181129]
 [ 0.11018359 -0.93221757 -0.34471724]
 [ 0.01441222  0.34829107 -0.93727564]]
Axis-Angl   : (0.9984007471930183 0.05387995358760001 0.01711428075676564) 159.69245281999207 deg

--------------------------------------------------------------------------------
METRICS REPORT
Transformation errors, Angstrom     SUM            RMS            N             
All atoms:                        : 1.616215364437237e-11 4.875230559309986e-07 68            
Only matched atoms:               : 1.616215364437237e-11 4.875230559309986e-07 68            
--------------------------------------------------------------------------------
All fragments PDB coordinates:
B1       -12.174      0.446        0.285       
C2       -9.183       0.274        0.123       
C3       -9.865       1.15         -0.725      
N4       -11.255      1.236        -0.676      
C5       -11.662      -1.364       2.042       
C6       -10.542      -2.012       2.607       
C7       -9.409       -1.507       1.973       
C8       -9.867       -0.54        1.031       
N9       -11.257      -0.488       1.111       
C10      -9.405       2.049        -1.732      
C11      -10.537      2.652        -2.275      
C12      -11.657      2.131        -1.59       
F13      -13.1        -0.306       -0.443      
F14      -12.851      1.329        1.138       
C15      -13.098      2.459        -1.799      
C16      -13.105      -1.575       2.354       
H24      -13.606      -0.617       2.511       
H25      -13.606      -2.071       1.518       
H26      -13.596      2.606        -0.839      
H27      -13.207      3.363        -2.398      
H28      -13.608      1.637        -2.311      
H29      -13.225      -2.192       3.245       
C34      -7.993       2.329        -2.149      
H35      -7.403       2.73         -1.32       
H36      -7.484       1.425        -2.494      
H37      -7.974       3.06         -2.959      
C38      -8.0         -1.935       2.247       
H39      -7.542       -2.391       1.364       
H40      -7.366       -1.092       2.534       
H41      -7.975       -2.671       3.053       
C42      -10.599      -3.088       3.653       
H43      -9.703       -3.042       4.281       
H44      -11.442      -2.903       4.328       
C45      -10.729      -4.492       3.05        
H46      -9.876       -4.713       2.401       
H47      -10.771      -5.255       3.833       
H48      -11.637      -4.571       2.446       
C49      -10.587      3.7          -3.349      
H50      -9.793       3.518        -4.08       
H51      -11.526      3.613        -3.905      
C52      -10.453      5.123        -2.793      
H53      -11.258      5.34         -2.084      
H54      -9.502       5.243        -2.263      
H55      -10.494      5.865        -3.595      
C17      -4.907       0.068        -0.066      
C18      -5.693       -0.78        -0.86       
C19      -7.078       -0.711       -0.796      
C20      -7.699       0.202        0.056       
C21      -6.921       1.049        0.847       
C22      -5.536       0.985        0.789       
C23      -3.48        -0.001       -0.127      
H30      -7.683       -1.369       -1.411      
H31      -4.933       1.643        1.405       
H32      -7.405       1.76         1.509       
H33      -5.212       -1.49        -1.523      
C56      -0.846       -0.129       -0.238      
C57      -0.059       0.66         0.613       
C58      1.324        0.591        0.552       
C59      1.961        -0.267       -0.355      
C60      1.17         -1.047       -1.211      
C61      -0.212       -0.984       -1.153      
H62      -0.538       1.324        1.324       
H63      1.913        1.2          1.231       
H64      1.64         -1.694       -1.943      
H65      -0.812       -1.589       -1.823      
C66      -2.272       -0.059       -0.178      
C67      5.567        -1.235       -0.767      
C68      6.569        -2.127       -0.916      
C69      7.954        -1.763       -0.674      
C70      3.425        -0.359       -0.412      
C71      4.147        -1.419       -0.848      
H72      3.7          -2.355       -1.158      
C73      8.282        -0.603       -0.062      
C74      9.564        -0.023       0.2         
C75      9.517        1.264        0.627       
S76      7.874        1.91         0.771       
H77      10.489       -0.548       0.001       
S78      4.409        1.004        0.145       
C79      6.488        -3.549       -1.372      
C80      7.912        -4.109       -1.1        
C81      8.84         -2.866       -1.15       
F82      5.544        -4.284       -0.736      
F83      6.228        -3.647       -2.705      
F84      7.947        -4.62        0.15        
F85      8.269        -5.066       -1.969      
F86      9.953        -3.054       -0.405      
F87      9.247        -2.688       -2.439      
C88      10.66        2.12         0.954       
C89      10.559       3.514        0.927       
C90      11.9         1.555        1.3         
C91      11.646       4.33         1.221       
H92      9.619        3.987        0.656       
C93      12.988       2.352        1.594       
H94      12.006       0.477        1.359       
C95      12.872       3.749        1.556       
H96      11.525       5.405        1.182       
H97      13.942       1.916        1.868       
O98      13.99        4.44         1.861       
C99      13.927       5.857        1.848       
H100     13.673       6.236        0.852       
H101     13.199       6.23         2.577       
H102     14.923       6.205        2.123       
C103     5.958        0.22         -0.497      
C104     6.297        0.871        -1.854      
H105     5.45         0.748        -2.532      
H106     6.505        1.936        -1.74       
H107     7.171        0.388        -2.299      
C108     7.133        0.237        0.504       
C109     6.772        -0.35        1.886       
H110     6.013        0.255        2.384       
H111     6.393        -1.37        1.778       
H112     7.668        -0.376       2.509       
--------------------------------------------------------------------------------
All fragments transformed coordinates (independent index):
B1       -12.1541     0.4064       0.2353      
C2       -9.1593      0.2449       0.0964      
C3       -9.8402      1.1182       -0.7611     
N4       -11.2308     1.1965       -0.7217     
C5       -11.6426     -1.3446      2.0497      
C6       -10.5256     -2.0044      2.6082      
C7       -9.3924      -1.5218      1.9562      
C8       -9.8506      -0.5493      1.0144      
N9       -11.2351     -0.4803      1.1076      
C10      -9.3759      2.0405       -1.7449     
C11      -10.5074     2.6436       -2.29       
C12      -11.6308     2.1044       -1.6252     
F13      -13.0387     -0.3978      -0.4935     
F14      -12.8797     1.2942       1.0377      
C15      -13.0679     2.4548       -1.8141     
C16      -13.0844     -1.5393      2.3754      
H17      -13.5751     -0.5766      2.5302      
H18      -13.5964     -2.0342      1.545       
H19      -13.4315     3.0325       -0.9595     
H20      -13.2091     3.0476       -2.718      
H21      -13.6768     1.5504       -1.8778     
H22      -13.2031     -2.1511      3.2699      
C23      -7.9625      2.3435       -2.1379     
H24      -7.3352      2.5439       -1.266      
H25      -7.505       1.508        -2.676      
H26      -7.9284      3.2209       -2.7862     
C27      -7.9893      -1.9762      2.2165      
H28      -7.473       -2.2442      1.2913      
H29      -7.3944      -1.1957      2.6995      
H30      -7.9881      -2.8528      2.868       
C31      -10.5885     -3.0684      3.6661      
H32      -9.6685      -3.054       4.2587      
H33      -11.397      -2.841       4.3693      
C34      -10.8005     -4.47        3.0824      
H35      -9.9836      -4.7327      2.4029      
H36      -10.8444     -5.224       3.8729      
H37      -11.7339     -4.5161      2.5131      
C38      -10.556      3.7145       -3.3421     
H39      -9.6978      3.612        -4.0125     
H40      -11.4423     3.5715       -3.9712     
C41      -10.5776     5.1272       -2.7462     
H42      -11.4498     5.2615       -2.0988     
H43      -9.6826      5.3045       -2.1417     
H44      -10.6161     5.8858       -3.5329     
C1       -4.907       0.068        -0.066      
C2       -5.693       -0.78        -0.86       
C3       -7.078       -0.711       -0.796      
C4       -7.699       0.202        0.056       
C5       -6.921       1.049        0.847       
C6       -5.536       0.985        0.789       
C7       -3.48        -0.001       -0.127      
H8       -7.683       -1.369       -1.411      
H9       -4.933       1.643        1.405       
H10      -7.405       1.76         1.509       
H11      -5.212       -1.49        -1.523      
C12      -0.846       -0.129       -0.238      
C13      -0.059       0.66         0.613       
C14      1.324        0.591        0.552       
C15      1.961        -0.267       -0.355      
C16      1.17         -1.047       -1.211      
C17      -0.212       -0.984       -1.153      
H18      -0.538       1.324        1.324       
H19      1.913        1.2          1.231       
H20      1.64         -1.694       -1.943      
H21      -0.812       -1.589       -1.823      
C22      -2.272       -0.059       -0.178      
C23      5.567        -1.235       -0.767      
C24      6.569        -2.127       -0.916      
C25      7.954        -1.763       -0.674      
C26      3.425        -0.359       -0.412      
C27      4.147        -1.419       -0.848      
H28      3.7          -2.355       -1.158      
C29      8.282        -0.603       -0.062      
C30      9.564        -0.023       0.2         
C31      9.517        1.264        0.627       
S32      7.874        1.91         0.771       
H33      10.489       -0.548       0.001       
S34      4.409        1.004        0.145       
C35      6.488        -3.549       -1.372      
C36      7.912        -4.109       -1.1        
C37      8.84         -2.866       -1.15       
F38      5.544        -4.284       -0.736      
F39      6.228        -3.647       -2.705      
F40      7.947        -4.62        0.15        
F41      8.269        -5.066       -1.969      
F42      9.953        -3.054       -0.405      
F43      9.247        -2.688       -2.439      
C44      10.66        2.12         0.954       
C45      10.559       3.514        0.927       
C46      11.9         1.555        1.3         
C47      11.646       4.33         1.221       
H48      9.619        3.987        0.656       
C49      12.988       2.352        1.594       
H50      12.006       0.477        1.359       
C51      12.872       3.749        1.556       
H52      11.525       5.405        1.182       
H53      13.942       1.916        1.868       
O54      13.99        4.44         1.861       
C55      13.927       5.857        1.848       
H56      13.673       6.236        0.852       
H57      13.199       6.23         2.577       
H58      14.923       6.205        2.123       
C59      5.958        0.22         -0.497      
C60      6.297        0.871        -1.854      
H61      5.45         0.748        -2.532      
H62      6.505        1.936        -1.74       
H63      7.171        0.388        -2.299      
C64      7.133        0.237        0.504       
C65      6.772        -0.35        1.886       
H66      6.013        0.255        2.384       
H67      6.393        -1.37        1.778       
H68      7.668        -0.376       2.509       
--------------------------------------------------------------------------------
Survey Forster couplings and rates...
--------------------------------------------------------------------------------
Donor:  BDP1  Acceptor: DTE2
R, Distance vector:
[16.00936022 -0.50134989 -0.26270068]
Unnormalized orientation factor kappa: -0.06786249867939746
--------------------------------------------------------------------------------
Orientation Factor Decomposition for: BDP1 and DTE2
dot(nMuDnMuA) =  -0.04839142933495846
dot(nMuD,nR)  =  0.9536782469619259
dot(nMuA,nR)  =  0.006805603953767702
3.0*dot(nMuD,nR)*dot(nMuA,nR) = 0.019471069344439002
np.dot(nMuD,nMuA)-3.0*np.dot(nMuD,nR)*np.dot(nMuA,nR) = -0.06786249867939746
--------------------------------------------------------------------------------
R (Bohr): 30.272205832597884
Electrostatic screening model: Uniform screening
Refractive index N= 1.424  will be used to calculate the uniform screening factor as 1/n^2
Screening factor: 0.49315111728317135
Empirical tabulated spectra for the donor and acceptor are provided numerical overlap will be calculated...
Numerical integration relative tolerance: 0.001

Integration limits:
Tabulated emission spectrum:                     506 - 830 nm
Tabulated absorption spectrum:                   434 - 830 nm
Overlap:                                         506 - 830 nm

EMS = int[F_D(Lambda)]d(Lambda) = 5.08E+01
Actual integration error: 4.62E-02 ( 9.09E-02 %)
ABSEMS = int[epsilon(Lambda)xF_D(Lambda)xLambda^4]d(Lambda) = 5.54E+16
Actual integration error: 47731413787128.0 ( 8.61E-02 %)
Resulting overlap: ABSEMS/EMS = 1.09E+15 M-1 cm-1 nm^4

Resonances are computed based on spectral overlaps

--------------------------------------------------------------------------------
Direct calculation of Forster rates (electronic couplings are not explicitly used)

Spectral overlap: 1.09E+15 M-1 cm-1 nm^4
User-specified refractive index: 1.424
Unnormalized orientation factor kappa: -0.06786249867939746
User-specified quantum yield of the donor: 0.6
User-specified fluorescence lifetime of the donor: 4.30E-09 s
Forster radius: 2.0 nm
Donor-acceptor distance: 16.02 Ang ( 1.6  nm)

Information on oscillator zones:
b = Lambda/(2 PI n) = 61.14 nm

Dexter (contact zone)  0-0.01b (0- 0.61 nm)
Near field (Forster valid) 0.01b-0.1b ( 0.61 - 6.11 nm)
Intermediate zone 0.1b-10 ( 6.11 - 611.36 nm)
Radiation zone (far field) >10b (> 611.36 nm)

Efficiency of the energy transfer (valid for dimers only) E = 0.7921012518300716

Fluorescence rate: 2.33E+08 s-1
Forster (non-radiative) rate: 8.86E+08 s-1

--------------------------------------------------------------------------------
Donor:  DTE2  Acceptor: BDP1
R, Distance vector:
[-16.00936022   0.50134989   0.26270068]
Unnormalized orientation factor kappa: -0.06786249867939746
--------------------------------------------------------------------------------
Orientation Factor Decomposition for: DTE2 and BDP1
dot(nMuDnMuA) =  -0.04839142933495846
dot(nMuD,nR)  =  -0.006805603953767702
dot(nMuA,nR)  =  -0.9536782469619259
3.0*dot(nMuD,nR)*dot(nMuA,nR) = 0.019471069344439002
np.dot(nMuD,nMuA)-3.0*np.dot(nMuD,nR)*np.dot(nMuA,nR) = -0.06786249867939746
--------------------------------------------------------------------------------
R (Bohr): 30.272205832597884
Electrostatic screening model: Uniform screening
Refractive index N= 1.424  will be used to calculate the uniform screening factor as 1/n^2
Screening factor: 0.49315111728317135
Resonances are computed based on spectral overlaps

--------------------------------------------------------------------------------
Direct calculation of Forster rates (electronic couplings are not explicitly used)

Spectral overlap: 0.00E+00 M-1 cm-1 nm^4
The Forster rate will be set to zero...

--------------------------------------------------------------------------------
Transformed Excited States for Each Fragment:

 PDB TAG      Ex. St.     Tran. Dipole Moment (x,y,z) a.u.            Abs. a.u.       Abs. Debye      Abs. En, nm          Ems. nm
    BDP1            1 (-0.0125      -2.4085      2.4163      )             3.41             8.67                0              547
    DTE2            1 (3.3635       0.7617       0.5382      )             3.49             8.87              354                0

--------------------------------------------------------------------------------
Resonances satisfying condition  overlap(Ej,Ei) >= 1.0
       Frg i  PDB TAG        Frg j  PDB TAG      Ex.St i      Ex.St j      Ei cm-1      Ej cm-1      Overlap

           1     BDP1            2     DTE2            1            1            0        28249    1.091e+15
--------------------------------------------------------------------------------
Total resonances:  1

Electronic couplings list:

Note that the orintation factor percentage is calculated as: Ori, % = 100 x Ori / 2 

       Frg i  PDB TAG        Frg j  PDB TAG      Ex.St i      Ex.St j Abs. Ej-Ei,cm-1         R, A  AxB,(ea0)^2         Ori.        Ori.%   K',(ea0)^2       E,cm-1   Scr.E,cm-1
           1     BDP1            2     DTE2            1            1    28248.588       16.019        11.91     -0.06786       -3.393      -0.8081       -6.393       -3.153
           2     DTE2            1     BDP1            1            1   -28248.588       16.019        11.91     -0.06786       -3.393      -0.8081       -6.393       -3.153
--------------------------------------------------------------------------------
Total couplings:  2

Electronic couplings list (non-zero only) that satisfy the resonance condition. Pairs of states i,j and j,i are distinguished.  overlap(Ej,Ei) >= 1.0

       Frg i  PDB TAG        Frg j  PDB TAG      Ex.St i      Ex.St j Abs. Ej-Ei,cm-1         R, A  AxB,(ea0)^2         Ori.        Ori.%   K',(ea0)^2       E,cm-1   Scr.E,cm-1
           1     BDP1            2     DTE2            1            1    28248.588       16.019        11.91     -0.06786       -3.393      -0.8081       -6.393       -3.153
--------------------------------------------------------------------------------
Total couplings that satisfy the resonance condition:  1
Pairs of states i,j and j,i are distinguished.

Energy transfer rates:

       Frg i  PDB TAG        Frg j  PDB TAG      Ex.St i      Ex.St j   Scr.E,cm-1 J, M-1 cm-1 nm^4      k, ps-1        t, ps
           1     BDP1            2     DTE2            1            1       -3.153    1.091e+15    0.0008861         1129
           2     DTE2            1     BDP1            1            1       -3.153            0            0          inf
--------------------------------------------------------------------------------
Total rates :  2
Done.
