
################################################################################
#                                                                              #
# Python FRagment Electronic Coupling (PyFREC) v2.7                            #
# Program for calculation of electronic couplings                              #
#                                                                              #
# Dmitri Kosenkov,  2016-2022                                                  #
# Monmouth University                                                          #
#                                                                              #
#########################################################################DVK####

2022-03-08 12:57:37
3.8.5 (default, Sep  3 2020, 21:29:08) [MSC v.1916 64 bit (AMD64)]
================================================================================
CONFIGURATION
Configuration File      : .\BODIPY_DTE_open.ini
--------------------------------------------------------------------------------
METHODS
JOB                     : SURVEY
RATES                   : OVERLAP
--------------------------------------------------------------------------------
MOLECULAR_SYSTEM
GEOMETRY_FILE           : ./../pdb/BODIPY_DTE_open.pdb
EL_SCR_MODEL            : 1
N                       : 1.424
--------------------------------------------------------------------------------
FRAGMENT1
NAME                    : BDP
ID                      : 1
ATOMLIST                : 0
ATOMTRANS               : 0
EXSTATE_FILE            : ./BDP.txt
EXSTATE                 : 1
--------------------------------------------------------------------------------
FRAGMENT2
NAME                    : DTE
ID                      : 2
ATOMLIST                : 0
ATOMTRANS               : 0
EXSTATE_FILE            : ./DTE_open.txt
EXSTATE                 : 1
--------------------------------------------------------------------------------
Number of Fragments     : 2
================================================================================
Reading PDB file....
--------------------------------------------------------------------------------
FREC SAYS: FRAGMENT1 NAME = BDP ID = 1 ATOMLIST = 0 NATOMS = 44
B1       -12.218      0.659        0.128       
C2       -9.241       0.328        -0.059      
C3       -10.07       -0.48        -0.843      
N4       -11.455      -0.352       -0.76       
C5       -11.393      2.431        1.801       
C6       -10.174      2.915        2.325       
C7       -9.148       2.194        1.717       
C8       -9.77        1.288        0.809       
N9       -11.149      1.468        0.899       
C10      -9.779       -1.488       -1.809      
C11      -11.005      -1.958       -2.275      
C12      -12.014      -1.225       -1.612      
F13      -13.048      -0.015       1.032       
F14      -12.989      1.509        -0.673      
C15      -13.491      -1.321       -1.793      
C16      -12.779      2.847        2.16        
H24      -13.367      3.036        1.26        
H25      -13.282      2.049        2.714       
H26      -13.864      -0.443       -2.328      
H27      -13.757      -2.212       -2.362      
H28      -13.994      -1.349       -0.824      
H29      -12.769      3.745        2.778       
C34      -8.438       -1.969       -2.272      
H35      -7.784       -1.138       -2.547      
H36      -7.922       -2.538       -1.493      
H37      -8.547       -2.615       -3.145      
C38      -7.688       2.363        2.005       
H39      -7.204       1.406        2.215       
H40      -7.158       2.81         1.159       
H41      -7.544       3.01         2.873       
C42      -10.046      3.971        3.385       
H43      -9.098       4.504        3.262       
H44      -10.829      4.725        3.25        
C45      -10.131      3.397        4.804       
H46      -9.334       2.666        4.973       
H47      -10.037      4.186        5.555       
H48      -11.087      2.888        4.96        
C49      -11.244      -3.001       -3.329      
H50      -10.424      -3.725       -3.324      
H51      -12.146      -3.573       -3.082      
C52      -11.391      -2.4         -4.732      
H53      -12.23       -1.698       -4.767      
H54      -10.486      -1.853       -5.014      
H55      -11.567      -3.18        -5.478      
--------------------------------------------------------------------------------
FREC SAYS: FRAGMENT2 NAME = DTE ID = 2 ATOMLIST = 0 NATOMS = 68
C17      -4.989       -0.144       -0.314      
C18      -5.751       -1.0         0.495       
C19      -7.128       -0.847       0.571       
C20      -7.766       0.163        -0.15       
C21      -7.012       1.018        -0.954      
C22      -5.636       0.866        -1.041      
C23      -3.57        -0.299       -0.395      
H30      -7.715       -1.514       1.195       
H31      -5.052       1.531        -1.669      
H32      -7.508       1.805        -1.514      
H33      -5.257       -1.783       1.06        
C56      -0.948       -0.579       -0.536      
C57      -0.18        0.29         -1.324      
C58      1.197        0.146        -1.389      
C59      1.848        -0.871       -0.678      
C60      1.076        -1.745       0.099       
C61      -0.3         -1.599       0.177       
H62      -0.67        1.084        -1.877      
H63      1.774        0.846        -1.986      
H64      1.557        -2.556       0.635       
H65      -0.885       -2.283       0.783       
C66      -2.368       -0.429       -0.46       
C67      5.514        -1.52        -0.125      
C68      6.586        -1.982       0.762       
C69      7.742        -1.361       1.071       
C70      3.308        -1.027       -0.726      
C71      4.13         -1.53        0.241       
H72      3.776        -1.86        1.209       
C73      8.19         -0.011       0.724       
C74      9.51         0.252        0.231       
C75      9.732        1.565        -0.062      
S76      8.313        2.506        0.304       
H77      10.246       -0.526       0.065       
S78      4.237        -0.56        -2.121      
C79      6.528        -3.358       1.372       
C80      7.725        -3.407       2.351       
C81      8.649        -2.271       1.857       
F82      5.365        -3.603       2.023       
F83      6.664        -4.322       0.428       
F84      7.3          -3.121       3.597       
F85      8.333        -4.602       2.363       
F86      9.262        -1.65        2.886       
F87      9.627        -2.795       1.066       
C88      10.955       2.184        -0.592      
C89      10.913       3.305        -1.424      
C90      12.212       1.646        -0.275      
C91      12.075       3.88         -1.931      
H92      9.956        3.737        -1.702      
C93      13.374       2.2          -0.78       
H94      12.278       0.79         0.39        
C95      13.315       3.325        -1.613      
H96      11.995       4.747        -2.575      
H97      14.344       1.784        -0.532      
O98      14.506       3.798        -2.052      
C99      14.502       4.94         -2.89       
H100     13.958       4.749        -3.822      
H101     14.061       5.806        -2.383      
H102     15.546       5.15         -3.119      
C103     5.732        -1.025       -1.39       
C104     7.02         -0.871       -2.135      
H105     7.76         -1.581       -1.758      
H106     6.884        -1.051       -3.204      
H107     7.432        0.136        -2.007      
C108     7.417        1.121        0.827       
C109     6.013        1.273        1.319       
H110     5.297        1.244        0.491       
H111     5.762        0.457        2.001       
H112     5.879        2.218        1.851       
--------------------------------------------------------------------------------
Reading excited states file...

Fragment: BDP1 tabulated normalized EMISSION spectrum is available. Maximum: 18281.54  cm-1 ( 547.0 nm ) I= 1.0  Arb. Units; Integration limits: 506 - 830 nm
Maximum of the emission is obtained from the tabulated spectrum.

Fragment: DTE2 tabulated ABSORPTION spectrum is available. Maximum: 30487.8  cm-1 ( 328.0 nm ) Eps= 40544.0 M-1 cm-1; Integration limits: 434 - 830 nm
Maximum of the absorption is obtained from the tabulated spectrum.
--------------------------------------------------------------------------------
FRAGMENT1 NAME = BDP ID = 1
EXSTATE_FILE = ./BDP.txt
B1       0.001        -1.3456      0.0017      
C2       -0.0034      1.6568       -0.0001     
C3       1.2119       0.9722       0.1271      
N4       1.2328       -0.421       0.1447      
C5       -2.5053      -0.829       -0.2647     
C6       -3.3596      0.2935       -0.3359     
C7       -2.558       1.4293       -0.2378     
C8       -1.2106      0.9656       -0.1274     
N9       -1.2319      -0.4235      -0.1448     
C10      2.557        1.4332       0.2367      
C11      3.3594       0.2986       0.3357      
C12      2.5067       -0.8251      0.2642      
F13      -0.1395      -2.1505      1.1387      
F14      0.1421       -2.1547      -1.1315     
C15      2.8824       -2.268       0.2804      
C16      -2.8786      -2.2723      -0.2819     
H17      -2.2555      -2.8203      -0.9911     
H18      -2.7151      -2.7172      0.704       
H19      2.758        -2.7021      -0.7158     
H20      3.9205       -2.3972      0.5871      
H21      2.234        -2.8244      0.9606      
H22      -3.9272      -2.4009      -0.5507     
C23      3.0559       2.8457       0.2362      
H24      2.6435       3.4192       -0.5974     
H25      2.7792       3.372        1.1545      
H26      4.144        2.864        0.152       
C27      -3.0594      2.8406       -0.2378     
H28      -2.653       3.4139       0.5991      
H29      -2.7788      3.3695       -1.1532     
H30      -4.1486      2.8572       -0.1591     
C31      -4.8568      0.2368       -0.4376     
H32      -5.2249      1.1255       -0.9598     
H33      -5.1515      -0.6152      -1.0598     
C34      -5.5382      0.1276       0.9313      
H35      -5.2856      0.9887       1.558       
H36      -6.6259      0.0861       0.8284      
H37      -5.2095      -0.7738      1.4575      
C38      4.857        0.2434       0.4364      
H39      5.2254       1.1369       0.9489      
H40      5.1519       -0.6031      1.0675      
C41      5.5368       0.1186       -0.9324     
H42      5.2075       -0.7894      -1.4472     
H43      5.284        0.973        -1.5678     
H44      6.6247       0.0774       -0.8294     
--------------------------------------------------------------------------------
Coordinates of origin:
(0.0          0.0          0.0         )
None
--------------------------------------------------------------------------------
Excited states read from the input file:
State, Abs. Max, nm, Transition Dipole Moment (x,y,z) ea0, abs. ea0, Debye  
1     0.0          (-3.4021      0.0001       -0.2557     ) 3.4117       8.6717       547.0        
--------------------------------------------------------------------------------
FRAGMENT2 NAME = DTE ID = 2
EXSTATE_FILE = ./DTE_open.txt
C1       -10.1279     -1.3384      -0.336      
C2       -10.9937     -0.2816      -0.6545     
C3       -12.3429     -0.5243      -0.8687     
C4       -12.8492     -1.8213      -0.7766     
C5       -11.9915     -2.8757      -0.4623     
C6       -10.643      -2.6393      -0.2391     
C7       -8.7371      -1.0918      -0.1142     
H8       -13.0108     0.2967       -1.111      
H9       -9.9784      -3.4609      0.0075      
H10      -12.3849     -3.8853      -0.392      
H11      -10.6018     0.7269       -0.7313     
C12      -6.1666      -0.6374      0.2849      
C13      -5.2935      -1.6943      0.579       
C14      -3.9433      -1.4537      0.7793      
C15      -3.4249      -0.1543      0.6999      
C16      -4.3025      0.901        0.4175      
C17      -5.6516      0.6653       0.2051      
H18      -5.6802      -2.7058      0.6401      
H19      -3.2816      -2.2908      0.9813      
H20      -3.9266      1.9177       0.3791      
H21      -6.3193      1.4922       -0.0131     
C22      -7.5589      -0.8822      0.0699      
C23      0.1321       1.0758       0.7346      
C24      1.1337       2.0306       0.2502      
C25      2.3533       1.7748       -0.2641     
C26      -1.9938      0.114        0.8957      
C27      -1.246       1.1168       0.349       
H28      -1.6449      1.8441       -0.3461     
C29      2.9629       0.4887       -0.6073     
C30      4.3089       0.1598       -0.2401     
C31      4.6893       -1.0921      -0.6238     
S32      3.3906       -1.8735      -1.4816     
H33      4.9475       0.8265       0.3276      
S34      -1.0042      -0.8814      1.9238      
C35      0.906        3.5122       0.3986      
C36      2.0805       4.1708       -0.3633     
C37      3.1381       3.0471       -0.448      
F38      -0.2832      3.9211       -0.1062     
F39      0.9329       3.8871       1.7016      
F40      1.6828       4.4984       -1.608      
F41      2.5405       5.2711       0.2495      
F42      3.8129       3.0908       -1.6155     
F43      4.0526       3.2105       0.549       
C44      5.982        -1.7563      -0.4057     
C45      6.0816       -3.1396      -0.2407     
C46      7.1627       -0.9996      -0.3483     
C47      7.3083       -3.761       -0.0241     
H48      5.1857       -3.7532      -0.2637     
C49      8.3869       -1.602       -0.123      
H50      7.1201       0.0751       -0.4982     
C51      8.4701       -2.991       0.04        
H52      7.3382       -4.8363      0.1015      
H53      9.2979       -1.0157      -0.0812     
O54      9.7128       -3.4877      0.2496      
C55      9.8527       -4.888       0.4114      
H56      9.2973       -5.246       1.2857      
H57      9.5147       -5.4289      -0.48       
H58      10.9162      -5.0698      0.5613      
C59      0.4182       0.0441       1.5985      
C60      1.7214       -0.3197      2.2366      
H61      2.3677       0.5589       2.2998      
H62      1.5734       -0.7113      3.2458      
H63      2.2502       -1.0783      1.6491      
C64      2.3306       -0.5181      -1.2974     
C65      0.9511       -0.556       -1.8734     
H66      0.2435       -1.0203      -1.1785     
H67      0.5984       0.4585       -2.0746     
H68      0.9272       -1.1193      -2.8094     
--------------------------------------------------------------------------------
Coordinates of origin:
(0.0          0.0          0.0         )
None
--------------------------------------------------------------------------------
Excited states read from the input file:
State, Abs. Max, nm, Transition Dipole Moment (x,y,z) ea0, abs. ea0, Debye  
1     328.0        (4.5376       0.4996       0.4607      ) 4.5882       11.6621      0.0          
--------------------------------------------------------------------------------
Transforming fragments...
--------------------------------------------------------------------------------
FRAGMENT1 NAME = BDP ID = 1
--------------------------------------------------------------------------------
Original coordinates used for matching (independent atom index):
B1       0.001        -1.3456      0.0017      
C2       -0.0034      1.6568       -0.0001     
C3       1.2119       0.9722       0.1271      
N4       1.2328       -0.421       0.1447      
C5       -2.5053      -0.829       -0.2647     
C6       -3.3596      0.2935       -0.3359     
C7       -2.558       1.4293       -0.2378     
C8       -1.2106      0.9656       -0.1274     
N9       -1.2319      -0.4235      -0.1448     
C10      2.557        1.4332       0.2367      
C11      3.3594       0.2986       0.3357      
C12      2.5067       -0.8251      0.2642      
F13      -0.1395      -2.1505      1.1387      
F14      0.1421       -2.1547      -1.1315     
C15      2.8824       -2.268       0.2804      
C16      -2.8786      -2.2723      -0.2819     
H17      -2.2555      -2.8203      -0.9911     
H18      -2.7151      -2.7172      0.704       
H19      2.758        -2.7021      -0.7158     
H20      3.9205       -2.3972      0.5871      
H21      2.234        -2.8244      0.9606      
H22      -3.9272      -2.4009      -0.5507     
C23      3.0559       2.8457       0.2362      
H24      2.6435       3.4192       -0.5974     
H25      2.7792       3.372        1.1545      
H26      4.144        2.864        0.152       
C27      -3.0594      2.8406       -0.2378     
H28      -2.653       3.4139       0.5991      
H29      -2.7788      3.3695       -1.1532     
H30      -4.1486      2.8572       -0.1591     
C31      -4.8568      0.2368       -0.4376     
H32      -5.2249      1.1255       -0.9598     
H33      -5.1515      -0.6152      -1.0598     
C34      -5.5382      0.1276       0.9313      
H35      -5.2856      0.9887       1.558       
H36      -6.6259      0.0861       0.8284      
H37      -5.2095      -0.7738      1.4575      
C38      4.857        0.2434       0.4364      
H39      5.2254       1.1369       0.9489      
H40      5.1519       -0.6031      1.0675      
C41      5.5368       0.1186       -0.9324     
H42      5.2075       -0.7894      -1.4472     
H43      5.284        0.973        -1.5678     
H44      6.6247       0.0774       -0.8294     

Mol. Sys. (target) coordinates used for matching:
B1       -12.218      0.659        0.128       
C2       -9.241       0.328        -0.059      
C3       -10.07       -0.48        -0.843      
N4       -11.455      -0.352       -0.76       
C5       -11.393      2.431        1.801       
C6       -10.174      2.915        2.325       
C7       -9.148       2.194        1.717       
C8       -9.77        1.288        0.809       
N9       -11.149      1.468        0.899       
C10      -9.779       -1.488       -1.809      
C11      -11.005      -1.958       -2.275      
C12      -12.014      -1.225       -1.612      
F13      -13.048      -0.015       1.032       
F14      -12.989      1.509        -0.673      
C15      -13.491      -1.321       -1.793      
C16      -12.779      2.847        2.16        
H24      -13.367      3.036        1.26        
H25      -13.282      2.049        2.714       
H26      -13.864      -0.443       -2.328      
H27      -13.757      -2.212       -2.362      
H28      -13.994      -1.349       -0.824      
H29      -12.769      3.745        2.778       
C34      -8.438       -1.969       -2.272      
H35      -7.784       -1.138       -2.547      
H36      -7.922       -2.538       -1.493      
H37      -8.547       -2.615       -3.145      
C38      -7.688       2.363        2.005       
H39      -7.204       1.406        2.215       
H40      -7.158       2.81         1.159       
H41      -7.544       3.01         2.873       
C42      -10.046      3.971        3.385       
H43      -9.098       4.504        3.262       
H44      -10.829      4.725        3.25        
C45      -10.131      3.397        4.804       
H46      -9.334       2.666        4.973       
H47      -10.037      4.186        5.555       
H48      -11.087      2.888        4.96        
C49      -11.244      -3.001       -3.329      
H50      -10.424      -3.725       -3.324      
H51      -12.146      -3.573       -3.082      
C52      -11.391      -2.4         -4.732      
H53      -12.23       -1.698       -4.767      
H54      -10.486      -1.853       -5.014      
H55      -11.567      -3.18        -5.478      
--------------------------------------------------------------------------------
User defined center within coordinate system of the fragment: [0. 0. 0.]
Transformed origin : [-10.88309672   0.51131822   0.04349651]
Norm               : 10.895188502888619
[-3.4021e+00  1.0000e-04 -2.5570e-01]
--------------------------------------------------------------------------------
Mol. Sys. (target) coordinates all atoms:
B1       -12.218      0.659        0.128       
C2       -9.241       0.328        -0.059      
C3       -10.07       -0.48        -0.843      
N4       -11.455      -0.352       -0.76       
C5       -11.393      2.431        1.801       
C6       -10.174      2.915        2.325       
C7       -9.148       2.194        1.717       
C8       -9.77        1.288        0.809       
N9       -11.149      1.468        0.899       
C10      -9.779       -1.488       -1.809      
C11      -11.005      -1.958       -2.275      
C12      -12.014      -1.225       -1.612      
F13      -13.048      -0.015       1.032       
F14      -12.989      1.509        -0.673      
C15      -13.491      -1.321       -1.793      
C16      -12.779      2.847        2.16        
H17      -13.367      3.036        1.26        
H18      -13.282      2.049        2.714       
H19      -13.864      -0.443       -2.328      
H20      -13.757      -2.212       -2.362      
H21      -13.994      -1.349       -0.824      
H22      -12.769      3.745        2.778       
C23      -8.438       -1.969       -2.272      
H24      -7.784       -1.138       -2.547      
H25      -7.922       -2.538       -1.493      
H26      -8.547       -2.615       -3.145      
C27      -7.688       2.363        2.005       
H28      -7.204       1.406        2.215       
H29      -7.158       2.81         1.159       
H30      -7.544       3.01         2.873       
C31      -10.046      3.971        3.385       
H32      -9.098       4.504        3.262       
H33      -10.829      4.725        3.25        
C34      -10.131      3.397        4.804       
H35      -9.334       2.666        4.973       
H36      -10.037      4.186        5.555       
H37      -11.087      2.888        4.96        
C38      -11.244      -3.001       -3.329      
H39      -10.424      -3.725       -3.324      
H40      -12.146      -3.573       -3.082      
C41      -11.391      -2.4         -4.732      
H42      -12.23       -1.698       -4.767      
H43      -10.486      -1.853       -5.014      
H44      -11.567      -3.18        -5.478      
--------------------------------------------------------------------------------
Transformed coordinates (independent index) compare against target...
B1       -12.2179     0.659        0.128       
C2       -9.2394      0.3294       -0.0577     
C3       -10.0699     -0.48        -0.843      
N4       -11.4549     -0.352       -0.76       
C5       -11.3929     2.431        1.801       
C6       -10.1739     2.915        2.325       
C7       -9.1479      2.194        1.717       
C8       -9.7745      1.2867       0.8077      
N9       -11.1489     1.468        0.899       
C10      -9.779       -1.488       -1.809      
C11      -11.005      -1.958       -2.275      
C12      -12.014      -1.225       -1.612      
F13      -13.0479     -0.015       1.032       
F14      -12.9889     1.509        -0.673      
C15      -13.491      -1.321       -1.793      
C16      -12.7789     2.847        2.16        
H17      -13.3669     3.036        1.26        
H18      -13.2819     2.049        2.714       
H19      -13.8639     -0.443       -2.328      
H20      -13.757      -2.212       -2.362      
H21      -13.9939     -1.349       -0.824      
H22      -12.7689     3.745        2.778       
C23      -8.438       -1.969       -2.272      
H24      -7.784       -1.138       -2.547      
H25      -7.922       -2.538       -1.493      
H26      -8.547       -2.615       -3.145      
C27      -7.6879      2.363        2.005       
H28      -7.2039      1.406        2.215       
H29      -7.1579      2.81         1.159       
H30      -7.5439      3.01         2.873       
C31      -10.0459     3.971        3.385       
H32      -9.0979      4.504        3.262       
H33      -10.8289     4.725        3.25        
C34      -10.1309     3.397        4.804       
H35      -9.3339      2.666        4.973       
H36      -10.0369     4.186        5.555       
H37      -11.0869     2.888        4.96        
C38      -11.244      -3.001       -3.329      
H39      -10.424      -3.725       -3.324      
H40      -12.146      -3.573       -3.082      
C41      -11.391      -2.4         -4.732      
H42      -12.23       -1.698       -4.767      
H43      -10.486      -1.853       -5.014      
H44      -11.567      -3.18        -5.478      
--------------------------------------------------------------------------------
TRANSFOMRATION
Scaling     : 1.0000056480900306 (not used info. only)
Translation : [-10.88309672   0.51131822   0.04349651]
Norm        : 10.895188502888619
Rotation    :
[[-0.12016785 -0.65002566 -0.7503508 ]
 [ 0.99183198 -0.11116962 -0.06253503]
 [-0.04276684 -0.75173663  0.65807525]]
Axis-Angl   : (-0.35969315265559965 -0.3692868821061373 0.856882742641608) 106.65637235332707 deg

--------------------------------------------------------------------------------
METRICS REPORT
Transformation errors, Angstrom     SUM            RMS            N             
All atoms:                        : 2.9833913514054187e-05 0.0008234339615025464 44            
Only matched atoms:               : 2.9833913514054187e-05 0.0008234339615025464 44            
--------------------------------------------------------------------------------
FRAGMENT2 NAME = DTE ID = 2
--------------------------------------------------------------------------------
Original coordinates used for matching (independent atom index):
C1       -10.1279     -1.3384      -0.336      
C2       -10.9937     -0.2816      -0.6545     
C3       -12.3429     -0.5243      -0.8687     
C4       -12.8492     -1.8213      -0.7766     
C5       -11.9915     -2.8757      -0.4623     
C6       -10.643      -2.6393      -0.2391     
C7       -8.7371      -1.0918      -0.1142     
H8       -13.0108     0.2967       -1.111      
H9       -9.9784      -3.4609      0.0075      
H10      -12.3849     -3.8853      -0.392      
H11      -10.6018     0.7269       -0.7313     
C12      -6.1666      -0.6374      0.2849      
C13      -5.2935      -1.6943      0.579       
C14      -3.9433      -1.4537      0.7793      
C15      -3.4249      -0.1543      0.6999      
C16      -4.3025      0.901        0.4175      
C17      -5.6516      0.6653       0.2051      
H18      -5.6802      -2.7058      0.6401      
H19      -3.2816      -2.2908      0.9813      
H20      -3.9266      1.9177       0.3791      
H21      -6.3193      1.4922       -0.0131     
C22      -7.5589      -0.8822      0.0699      
C23      0.1321       1.0758       0.7346      
C24      1.1337       2.0306       0.2502      
C25      2.3533       1.7748       -0.2641     
C26      -1.9938      0.114        0.8957      
C27      -1.246       1.1168       0.349       
H28      -1.6449      1.8441       -0.3461     
C29      2.9629       0.4887       -0.6073     
C30      4.3089       0.1598       -0.2401     
C31      4.6893       -1.0921      -0.6238     
S32      3.3906       -1.8735      -1.4816     
H33      4.9475       0.8265       0.3276      
S34      -1.0042      -0.8814      1.9238      
C35      0.906        3.5122       0.3986      
C36      2.0805       4.1708       -0.3633     
C37      3.1381       3.0471       -0.448      
F38      -0.2832      3.9211       -0.1062     
F39      0.9329       3.8871       1.7016      
F40      1.6828       4.4984       -1.608      
F41      2.5405       5.2711       0.2495      
F42      3.8129       3.0908       -1.6155     
F43      4.0526       3.2105       0.549       
C44      5.982        -1.7563      -0.4057     
C45      6.0816       -3.1396      -0.2407     
C46      7.1627       -0.9996      -0.3483     
C47      7.3083       -3.761       -0.0241     
H48      5.1857       -3.7532      -0.2637     
C49      8.3869       -1.602       -0.123      
H50      7.1201       0.0751       -0.4982     
C51      8.4701       -2.991       0.04        
H52      7.3382       -4.8363      0.1015      
H53      9.2979       -1.0157      -0.0812     
O54      9.7128       -3.4877      0.2496      
C55      9.8527       -4.888       0.4114      
H56      9.2973       -5.246       1.2857      
H57      9.5147       -5.4289      -0.48       
H58      10.9162      -5.0698      0.5613      
C59      0.4182       0.0441       1.5985      
C60      1.7214       -0.3197      2.2366      
H61      2.3677       0.5589       2.2998      
H62      1.5734       -0.7113      3.2458      
H63      2.2502       -1.0783      1.6491      
C64      2.3306       -0.5181      -1.2974     
C65      0.9511       -0.556       -1.8734     
H66      0.2435       -1.0203      -1.1785     
H67      0.5984       0.4585       -2.0746     
H68      0.9272       -1.1193      -2.8094     

Mol. Sys. (target) coordinates used for matching:
C17      -4.989       -0.144       -0.314      
C18      -5.751       -1.0         0.495       
C19      -7.128       -0.847       0.571       
C20      -7.766       0.163        -0.15       
C21      -7.012       1.018        -0.954      
C22      -5.636       0.866        -1.041      
C23      -3.57        -0.299       -0.395      
H30      -7.715       -1.514       1.195       
H31      -5.052       1.531        -1.669      
H32      -7.508       1.805        -1.514      
H33      -5.257       -1.783       1.06        
C56      -0.948       -0.579       -0.536      
C57      -0.18        0.29         -1.324      
C58      1.197        0.146        -1.389      
C59      1.848        -0.871       -0.678      
C60      1.076        -1.745       0.099       
C61      -0.3         -1.599       0.177       
H62      -0.67        1.084        -1.877      
H63      1.774        0.846        -1.986      
H64      1.557        -2.556       0.635       
H65      -0.885       -2.283       0.783       
C66      -2.368       -0.429       -0.46       
C67      5.514        -1.52        -0.125      
C68      6.586        -1.982       0.762       
C69      7.742        -1.361       1.071       
C70      3.308        -1.027       -0.726      
C71      4.13         -1.53        0.241       
H72      3.776        -1.86        1.209       
C73      8.19         -0.011       0.724       
C74      9.51         0.252        0.231       
C75      9.732        1.565        -0.062      
S76      8.313        2.506        0.304       
H77      10.246       -0.526       0.065       
S78      4.237        -0.56        -2.121      
C79      6.528        -3.358       1.372       
C80      7.725        -3.407       2.351       
C81      8.649        -2.271       1.857       
F82      5.365        -3.603       2.023       
F83      6.664        -4.322       0.428       
F84      7.3          -3.121       3.597       
F85      8.333        -4.602       2.363       
F86      9.262        -1.65        2.886       
F87      9.627        -2.795       1.066       
C88      10.955       2.184        -0.592      
C89      10.913       3.305        -1.424      
C90      12.212       1.646        -0.275      
C91      12.075       3.88         -1.931      
H92      9.956        3.737        -1.702      
C93      13.374       2.2          -0.78       
H94      12.278       0.79         0.39        
C95      13.315       3.325        -1.613      
H96      11.995       4.747        -2.575      
H97      14.344       1.784        -0.532      
O98      14.506       3.798        -2.052      
C99      14.502       4.94         -2.89       
H100     13.958       4.749        -3.822      
H101     14.061       5.806        -2.383      
H102     15.546       5.15         -3.119      
C103     5.732        -1.025       -1.39       
C104     7.02         -0.871       -2.135      
H105     7.76         -1.581       -1.758      
H106     6.884        -1.051       -3.204      
H107     7.432        0.136        -2.007      
C108     7.417        1.121        0.827       
C109     6.013        1.273        1.319       
H110     5.297        1.244        0.491       
H111     5.762        0.457        2.001       
H112     5.879        2.218        1.851       
--------------------------------------------------------------------------------
User defined center within coordinate system of the fragment: [0. 0. 0.]
Transformed origin : [ 5.22775739 -0.24647122 -0.02184831]
Norm               : 5.23360991600401
[4.5376 0.4996 0.4607]
--------------------------------------------------------------------------------
Mol. Sys. (target) coordinates all atoms:
C1       -4.989       -0.144       -0.314      
C2       -5.751       -1.0         0.495       
C3       -7.128       -0.847       0.571       
C4       -7.766       0.163        -0.15       
C5       -7.012       1.018        -0.954      
C6       -5.636       0.866        -1.041      
C7       -3.57        -0.299       -0.395      
H8       -7.715       -1.514       1.195       
H9       -5.052       1.531        -1.669      
H10      -7.508       1.805        -1.514      
H11      -5.257       -1.783       1.06        
C12      -0.948       -0.579       -0.536      
C13      -0.18        0.29         -1.324      
C14      1.197        0.146        -1.389      
C15      1.848        -0.871       -0.678      
C16      1.076        -1.745       0.099       
C17      -0.3         -1.599       0.177       
H18      -0.67        1.084        -1.877      
H19      1.774        0.846        -1.986      
H20      1.557        -2.556       0.635       
H21      -0.885       -2.283       0.783       
C22      -2.368       -0.429       -0.46       
C23      5.514        -1.52        -0.125      
C24      6.586        -1.982       0.762       
C25      7.742        -1.361       1.071       
C26      3.308        -1.027       -0.726      
C27      4.13         -1.53        0.241       
H28      3.776        -1.86        1.209       
C29      8.19         -0.011       0.724       
C30      9.51         0.252        0.231       
C31      9.732        1.565        -0.062      
S32      8.313        2.506        0.304       
H33      10.246       -0.526       0.065       
S34      4.237        -0.56        -2.121      
C35      6.528        -3.358       1.372       
C36      7.725        -3.407       2.351       
C37      8.649        -2.271       1.857       
F38      5.365        -3.603       2.023       
F39      6.664        -4.322       0.428       
F40      7.3          -3.121       3.597       
F41      8.333        -4.602       2.363       
F42      9.262        -1.65        2.886       
F43      9.627        -2.795       1.066       
C44      10.955       2.184        -0.592      
C45      10.913       3.305        -1.424      
C46      12.212       1.646        -0.275      
C47      12.075       3.88         -1.931      
H48      9.956        3.737        -1.702      
C49      13.374       2.2          -0.78       
H50      12.278       0.79         0.39        
C51      13.315       3.325        -1.613      
H52      11.995       4.747        -2.575      
H53      14.344       1.784        -0.532      
O54      14.506       3.798        -2.052      
C55      14.502       4.94         -2.89       
H56      13.958       4.749        -3.822      
H57      14.061       5.806        -2.383      
H58      15.546       5.15         -3.119      
C59      5.732        -1.025       -1.39       
C60      7.02         -0.871       -2.135      
H61      7.76         -1.581       -1.758      
H62      6.884        -1.051       -3.204      
H63      7.432        0.136        -2.007      
C64      7.417        1.121        0.827       
C65      6.013        1.273        1.319       
H66      5.297        1.244        0.491       
H67      5.762        0.457        2.001       
H68      5.879        2.218        1.851       
--------------------------------------------------------------------------------
Transformed coordinates (independent index) compare against target...
C1       -4.989       -0.144       -0.314      
C2       -5.751       -1.0         0.495       
C3       -7.128       -0.847       0.571       
C4       -7.766       0.163        -0.15       
C5       -7.012       1.018        -0.954      
C6       -5.636       0.866        -1.041      
C7       -3.57        -0.299       -0.395      
H8       -7.715       -1.514       1.195       
H9       -5.052       1.531        -1.669      
H10      -7.508       1.805        -1.514      
H11      -5.257       -1.783       1.06        
C12      -0.948       -0.579       -0.536      
C13      -0.18        0.29         -1.324      
C14      1.197        0.146        -1.389      
C15      1.848        -0.871       -0.678      
C16      1.076        -1.745       0.099       
C17      -0.3         -1.599       0.177       
H18      -0.67        1.084        -1.877      
H19      1.774        0.846        -1.986      
H20      1.557        -2.556       0.635       
H21      -0.885       -2.283       0.783       
C22      -2.368       -0.429       -0.46       
C23      5.514        -1.52        -0.125      
C24      6.586        -1.982       0.762       
C25      7.742        -1.361       1.071       
C26      3.308        -1.027       -0.726      
C27      4.13         -1.53        0.241       
H28      3.776        -1.86        1.209       
C29      8.19         -0.011       0.724       
C30      9.51         0.252        0.231       
C31      9.732        1.565        -0.062      
S32      8.313        2.506        0.304       
H33      10.246       -0.526       0.065       
S34      4.237        -0.56        -2.121      
C35      6.528        -3.358       1.372       
C36      7.725        -3.407       2.351       
C37      8.649        -2.271       1.857       
F38      5.365        -3.603       2.023       
F39      6.664        -4.322       0.428       
F40      7.3          -3.121       3.597       
F41      8.333        -4.602       2.363       
F42      9.262        -1.65        2.886       
F43      9.627        -2.795       1.066       
C44      10.955       2.184        -0.592      
C45      10.913       3.305        -1.424      
C46      12.212       1.646        -0.275      
C47      12.075       3.88         -1.931      
H48      9.956        3.737        -1.702      
C49      13.374       2.2          -0.78       
H50      12.278       0.79         0.39        
C51      13.315       3.325        -1.613      
H52      11.995       4.747        -2.575      
H53      14.344       1.784        -0.532      
O54      14.506       3.798        -2.052      
C55      14.502       4.94         -2.89       
H56      13.958       4.749        -3.822      
H57      14.061       5.806        -2.383      
H58      15.546       5.15         -3.119      
C59      5.732        -1.025       -1.39       
C60      7.02         -0.871       -2.135      
H61      7.76         -1.581       -1.758      
H62      6.884        -1.051       -3.204      
H63      7.432        0.136        -2.007      
C64      7.417        1.121        0.827       
C65      6.013        1.273        1.319       
H66      5.297        1.244        0.491       
H67      5.762        0.457        2.001       
H68      5.879        2.218        1.851       
--------------------------------------------------------------------------------
TRANSFOMRATION
Scaling     : 1.00000000388925 (not used info. only)
Translation : [ 5.22775739 -0.24647122 -0.02184831]
Norm        : 5.23360991600401
Rotation    :
[[ 0.99273632  0.12003704 -0.00810671]
 [ 0.10813928 -0.86074589  0.49741573]
 [ 0.0527305  -0.49467932 -0.86747442]]
Axis-Angl   : (-0.9980535960326271 -0.06120259246992462 -0.011969215567651272) 150.19729582431154 deg

--------------------------------------------------------------------------------
METRICS REPORT
Transformation errors, Angstrom     SUM            RMS            N             
All atoms:                        : 1.733084235234832e-11 5.04841884861988e-07 68            
Only matched atoms:               : 1.733084235234832e-11 5.04841884861988e-07 68            
--------------------------------------------------------------------------------
All fragments PDB coordinates:
B1       -12.218      0.659        0.128       
C2       -9.241       0.328        -0.059      
C3       -10.07       -0.48        -0.843      
N4       -11.455      -0.352       -0.76       
C5       -11.393      2.431        1.801       
C6       -10.174      2.915        2.325       
C7       -9.148       2.194        1.717       
C8       -9.77        1.288        0.809       
N9       -11.149      1.468        0.899       
C10      -9.779       -1.488       -1.809      
C11      -11.005      -1.958       -2.275      
C12      -12.014      -1.225       -1.612      
F13      -13.048      -0.015       1.032       
F14      -12.989      1.509        -0.673      
C15      -13.491      -1.321       -1.793      
C16      -12.779      2.847        2.16        
H24      -13.367      3.036        1.26        
H25      -13.282      2.049        2.714       
H26      -13.864      -0.443       -2.328      
H27      -13.757      -2.212       -2.362      
H28      -13.994      -1.349       -0.824      
H29      -12.769      3.745        2.778       
C34      -8.438       -1.969       -2.272      
H35      -7.784       -1.138       -2.547      
H36      -7.922       -2.538       -1.493      
H37      -8.547       -2.615       -3.145      
C38      -7.688       2.363        2.005       
H39      -7.204       1.406        2.215       
H40      -7.158       2.81         1.159       
H41      -7.544       3.01         2.873       
C42      -10.046      3.971        3.385       
H43      -9.098       4.504        3.262       
H44      -10.829      4.725        3.25        
C45      -10.131      3.397        4.804       
H46      -9.334       2.666        4.973       
H47      -10.037      4.186        5.555       
H48      -11.087      2.888        4.96        
C49      -11.244      -3.001       -3.329      
H50      -10.424      -3.725       -3.324      
H51      -12.146      -3.573       -3.082      
C52      -11.391      -2.4         -4.732      
H53      -12.23       -1.698       -4.767      
H54      -10.486      -1.853       -5.014      
H55      -11.567      -3.18        -5.478      
C17      -4.989       -0.144       -0.314      
C18      -5.751       -1.0         0.495       
C19      -7.128       -0.847       0.571       
C20      -7.766       0.163        -0.15       
C21      -7.012       1.018        -0.954      
C22      -5.636       0.866        -1.041      
C23      -3.57        -0.299       -0.395      
H30      -7.715       -1.514       1.195       
H31      -5.052       1.531        -1.669      
H32      -7.508       1.805        -1.514      
H33      -5.257       -1.783       1.06        
C56      -0.948       -0.579       -0.536      
C57      -0.18        0.29         -1.324      
C58      1.197        0.146        -1.389      
C59      1.848        -0.871       -0.678      
C60      1.076        -1.745       0.099       
C61      -0.3         -1.599       0.177       
H62      -0.67        1.084        -1.877      
H63      1.774        0.846        -1.986      
H64      1.557        -2.556       0.635       
H65      -0.885       -2.283       0.783       
C66      -2.368       -0.429       -0.46       
C67      5.514        -1.52        -0.125      
C68      6.586        -1.982       0.762       
C69      7.742        -1.361       1.071       
C70      3.308        -1.027       -0.726      
C71      4.13         -1.53        0.241       
H72      3.776        -1.86        1.209       
C73      8.19         -0.011       0.724       
C74      9.51         0.252        0.231       
C75      9.732        1.565        -0.062      
S76      8.313        2.506        0.304       
H77      10.246       -0.526       0.065       
S78      4.237        -0.56        -2.121      
C79      6.528        -3.358       1.372       
C80      7.725        -3.407       2.351       
C81      8.649        -2.271       1.857       
F82      5.365        -3.603       2.023       
F83      6.664        -4.322       0.428       
F84      7.3          -3.121       3.597       
F85      8.333        -4.602       2.363       
F86      9.262        -1.65        2.886       
F87      9.627        -2.795       1.066       
C88      10.955       2.184        -0.592      
C89      10.913       3.305        -1.424      
C90      12.212       1.646        -0.275      
C91      12.075       3.88         -1.931      
H92      9.956        3.737        -1.702      
C93      13.374       2.2          -0.78       
H94      12.278       0.79         0.39        
C95      13.315       3.325        -1.613      
H96      11.995       4.747        -2.575      
H97      14.344       1.784        -0.532      
O98      14.506       3.798        -2.052      
C99      14.502       4.94         -2.89       
H100     13.958       4.749        -3.822      
H101     14.061       5.806        -2.383      
H102     15.546       5.15         -3.119      
C103     5.732        -1.025       -1.39       
C104     7.02         -0.871       -2.135      
H105     7.76         -1.581       -1.758      
H106     6.884        -1.051       -3.204      
H107     7.432        0.136        -2.007      
C108     7.417        1.121        0.827       
C109     6.013        1.273        1.319       
H110     5.297        1.244        0.491       
H111     5.762        0.457        2.001       
H112     5.879        2.218        1.851       
--------------------------------------------------------------------------------
All fragments transformed coordinates (independent index):
B1       -12.2179     0.659        0.128       
C2       -9.2394      0.3294       -0.0577     
C3       -10.0699     -0.48        -0.843      
N4       -11.4549     -0.352       -0.76       
C5       -11.3929     2.431        1.801       
C6       -10.1739     2.915        2.325       
C7       -9.1479      2.194        1.717       
C8       -9.7745      1.2867       0.8077      
N9       -11.1489     1.468        0.899       
C10      -9.779       -1.488       -1.809      
C11      -11.005      -1.958       -2.275      
C12      -12.014      -1.225       -1.612      
F13      -13.0479     -0.015       1.032       
F14      -12.9889     1.509        -0.673      
C15      -13.491      -1.321       -1.793      
C16      -12.7789     2.847        2.16        
H17      -13.3669     3.036        1.26        
H18      -13.2819     2.049        2.714       
H19      -13.8639     -0.443       -2.328      
H20      -13.757      -2.212       -2.362      
H21      -13.9939     -1.349       -0.824      
H22      -12.7689     3.745        2.778       
C23      -8.438       -1.969       -2.272      
H24      -7.784       -1.138       -2.547      
H25      -7.922       -2.538       -1.493      
H26      -8.547       -2.615       -3.145      
C27      -7.6879      2.363        2.005       
H28      -7.2039      1.406        2.215       
H29      -7.1579      2.81         1.159       
H30      -7.5439      3.01         2.873       
C31      -10.0459     3.971        3.385       
H32      -9.0979      4.504        3.262       
H33      -10.8289     4.725        3.25        
C34      -10.1309     3.397        4.804       
H35      -9.3339      2.666        4.973       
H36      -10.0369     4.186        5.555       
H37      -11.0869     2.888        4.96        
C38      -11.244      -3.001       -3.329      
H39      -10.424      -3.725       -3.324      
H40      -12.146      -3.573       -3.082      
C41      -11.391      -2.4         -4.732      
H42      -12.23       -1.698       -4.767      
H43      -10.486      -1.853       -5.014      
H44      -11.567      -3.18        -5.478      
C1       -4.989       -0.144       -0.314      
C2       -5.751       -1.0         0.495       
C3       -7.128       -0.847       0.571       
C4       -7.766       0.163        -0.15       
C5       -7.012       1.018        -0.954      
C6       -5.636       0.866        -1.041      
C7       -3.57        -0.299       -0.395      
H8       -7.715       -1.514       1.195       
H9       -5.052       1.531        -1.669      
H10      -7.508       1.805        -1.514      
H11      -5.257       -1.783       1.06        
C12      -0.948       -0.579       -0.536      
C13      -0.18        0.29         -1.324      
C14      1.197        0.146        -1.389      
C15      1.848        -0.871       -0.678      
C16      1.076        -1.745       0.099       
C17      -0.3         -1.599       0.177       
H18      -0.67        1.084        -1.877      
H19      1.774        0.846        -1.986      
H20      1.557        -2.556       0.635       
H21      -0.885       -2.283       0.783       
C22      -2.368       -0.429       -0.46       
C23      5.514        -1.52        -0.125      
C24      6.586        -1.982       0.762       
C25      7.742        -1.361       1.071       
C26      3.308        -1.027       -0.726      
C27      4.13         -1.53        0.241       
H28      3.776        -1.86        1.209       
C29      8.19         -0.011       0.724       
C30      9.51         0.252        0.231       
C31      9.732        1.565        -0.062      
S32      8.313        2.506        0.304       
H33      10.246       -0.526       0.065       
S34      4.237        -0.56        -2.121      
C35      6.528        -3.358       1.372       
C36      7.725        -3.407       2.351       
C37      8.649        -2.271       1.857       
F38      5.365        -3.603       2.023       
F39      6.664        -4.322       0.428       
F40      7.3          -3.121       3.597       
F41      8.333        -4.602       2.363       
F42      9.262        -1.65        2.886       
F43      9.627        -2.795       1.066       
C44      10.955       2.184        -0.592      
C45      10.913       3.305        -1.424      
C46      12.212       1.646        -0.275      
C47      12.075       3.88         -1.931      
H48      9.956        3.737        -1.702      
C49      13.374       2.2          -0.78       
H50      12.278       0.79         0.39        
C51      13.315       3.325        -1.613      
H52      11.995       4.747        -2.575      
H53      14.344       1.784        -0.532      
O54      14.506       3.798        -2.052      
C55      14.502       4.94         -2.89       
H56      13.958       4.749        -3.822      
H57      14.061       5.806        -2.383      
H58      15.546       5.15         -3.119      
C59      5.732        -1.025       -1.39       
C60      7.02         -0.871       -2.135      
H61      7.76         -1.581       -1.758      
H62      6.884        -1.051       -3.204      
H63      7.432        0.136        -2.007      
C64      7.417        1.121        0.827       
C65      6.013        1.273        1.319       
H66      5.297        1.244        0.491       
H67      5.762        0.457        2.001       
H68      5.879        2.218        1.851       
--------------------------------------------------------------------------------
Survey Forster couplings and rates...
--------------------------------------------------------------------------------
Donor:  BDP1  Acceptor: DTE2
R, Distance vector:
[16.11085411 -0.75778944 -0.06534482]
Unnormalized orientation factor kappa: -0.18383155353198657
--------------------------------------------------------------------------------
Orientation Factor Decomposition for: BDP1 and DTE2
dot(nMuDnMuA) =  0.07690802345790362
dot(nMuD,nR)  =  0.9990702952279802
dot(nMuA,nR)  =  0.08699407113303322
3.0*dot(nMuD,nR)*dot(nMuA,nR) = 0.2607395769898902
np.dot(nMuD,nMuA)-3.0*np.dot(nMuD,nR)*np.dot(nMuA,nR) = -0.18383155353198657
--------------------------------------------------------------------------------
R (Bohr): 30.479009343158932
Electrostatic screening model: Uniform screening
Refractive index N= 1.424  will be used to calculate the uniform screening factor as 1/n^2
Screening factor: 0.49315111728317135
Empirical tabulated spectra for the donor and acceptor are provided numerical overlap will be calculated...
Numerical integration relative tolerance: 0.001

Integration limits:
Tabulated emission spectrum:                     506 - 830 nm
Tabulated absorption spectrum:                   434 - 830 nm
Overlap:                                         506 - 830 nm

EMS = int[F_D(Lambda)]d(Lambda) = 5.08E+01
Actual integration error: 4.62E-02 ( 9.09E-02 %)
ABSEMS = int[epsilon(Lambda)xF_D(Lambda)xLambda^4]d(Lambda) = 0.00E+00
Resulting overlap: ABSEMS/EMS = 0.00E+00 M-1 cm-1 nm^4

Resonances are computed based on spectral overlaps

--------------------------------------------------------------------------------
Direct calculation of Forster rates (electronic couplings are not explicitly used)

Spectral overlap: 0.00E+00 M-1 cm-1 nm^4
The Forster rate will be set to zero...

--------------------------------------------------------------------------------
Donor:  DTE2  Acceptor: BDP1
R, Distance vector:
[-16.11085411   0.75778944   0.06534482]
Unnormalized orientation factor kappa: -0.18383155353198657
--------------------------------------------------------------------------------
Orientation Factor Decomposition for: DTE2 and BDP1
dot(nMuDnMuA) =  0.07690802345790362
dot(nMuD,nR)  =  -0.08699407113303322
dot(nMuA,nR)  =  -0.9990702952279802
3.0*dot(nMuD,nR)*dot(nMuA,nR) = 0.2607395769898902
np.dot(nMuD,nMuA)-3.0*np.dot(nMuD,nR)*np.dot(nMuA,nR) = -0.18383155353198657
--------------------------------------------------------------------------------
R (Bohr): 30.479009343158932
Electrostatic screening model: Uniform screening
Refractive index N= 1.424  will be used to calculate the uniform screening factor as 1/n^2
Screening factor: 0.49315111728317135
Resonances are computed based on spectral overlaps

--------------------------------------------------------------------------------
Direct calculation of Forster rates (electronic couplings are not explicitly used)

Spectral overlap: 0.00E+00 M-1 cm-1 nm^4
The Forster rate will be set to zero...

--------------------------------------------------------------------------------
Transformed Excited States for Each Fragment:

 PDB TAG      Ex. St.     Tran. Dipole Moment (x,y,z) a.u.            Abs. a.u.       Abs. Debye      Abs. En, nm          Ems. nm
    BDP1            1 (0.4199       2.4037       2.3845      )             3.41             8.67                0              547
    DTE2            1 (4.583        -0.1132      -0.1879     )             4.59            11.66              328                0

--------------------------------------------------------------------------------
Resonances satisfying condition  overlap(Ej,Ei) >= 1.0
       Frg i  PDB TAG        Frg j  PDB TAG      Ex.St i      Ex.St j      Ei cm-1      Ej cm-1      Overlap

--------------------------------------------------------------------------------
Total resonances:  0

Electronic couplings list:

Note that the orintation factor percentage is calculated as: Ori, % = 100 x Ori / 2 

       Frg i  PDB TAG        Frg j  PDB TAG      Ex.St i      Ex.St j Abs. Ej-Ei,cm-1         R, A  AxB,(ea0)^2         Ori.        Ori.%   K',(ea0)^2       E,cm-1   Scr.E,cm-1
           1     BDP1            2     DTE2            1            1    30487.805       16.129        15.65      -0.1838       -9.192       -2.878       -22.31          -11
           2     DTE2            1     BDP1            1            1   -30487.805       16.129        15.65      -0.1838       -9.192       -2.878       -22.31          -11
--------------------------------------------------------------------------------
Total couplings:  2

Electronic couplings list (non-zero only) that satisfy the resonance condition. Pairs of states i,j and j,i are distinguished.  overlap(Ej,Ei) >= 1.0

       Frg i  PDB TAG        Frg j  PDB TAG      Ex.St i      Ex.St j Abs. Ej-Ei,cm-1         R, A  AxB,(ea0)^2         Ori.        Ori.%   K',(ea0)^2       E,cm-1   Scr.E,cm-1
--------------------------------------------------------------------------------
Total couplings that satisfy the resonance condition:  0
Pairs of states i,j and j,i are distinguished.

Energy transfer rates:

       Frg i  PDB TAG        Frg j  PDB TAG      Ex.St i      Ex.St j   Scr.E,cm-1 J, M-1 cm-1 nm^4      k, ps-1        t, ps
           1     BDP1            2     DTE2            1            1          -11            0            0          inf
           2     DTE2            1     BDP1            1            1          -11            0            0          inf
--------------------------------------------------------------------------------
Total rates :  2
Done.
