
################################################################################
#                                                                              #
# Python FRagment Electronic Coupling (PyFREC) v2.7                            #
# Program for calculation of electronic couplings                              #
#                                                                              #
# Dmitri Kosenkov,  2016-2022                                                  #
# Monmouth University                                                          #
#                                                                              #
#########################################################################DVK####

2022-03-08 12:57:40
3.8.5 (default, Sep  3 2020, 21:29:08) [MSC v.1916 64 bit (AMD64)]
================================================================================
CONFIGURATION
Configuration File      : .\bodipy_dte_open.ini
--------------------------------------------------------------------------------
METHODS
JOB                     : MAKE_FRAGMENTS
--------------------------------------------------------------------------------
MOLECULAR_SYSTEM
GEOMETRY_FILE           : ./../pdb/bodipy_dte_open.pdb
--------------------------------------------------------------------------------
FRAGMENT1
NAME                    : BDP
ID                      : 1
--------------------------------------------------------------------------------
FRAGMENT2
NAME                    : DTE
ID                      : 2
--------------------------------------------------------------------------------
Number of Fragments     : 2
================================================================================
Reading PDB file....
--------------------------------------------------------------------------------
FREC SAYS: FRAGMENT1 NAME = BDP ID = 1 ATOMLIST = 0 NATOMS = 44
B1       -12.218      0.659        0.128       
C2       -9.241       0.328        -0.059      
C3       -10.07       -0.48        -0.843      
N4       -11.455      -0.352       -0.76       
C5       -11.393      2.431        1.801       
C6       -10.174      2.915        2.325       
C7       -9.148       2.194        1.717       
C8       -9.77        1.288        0.809       
N9       -11.149      1.468        0.899       
C10      -9.779       -1.488       -1.809      
C11      -11.005      -1.958       -2.275      
C12      -12.014      -1.225       -1.612      
F13      -13.048      -0.015       1.032       
F14      -12.989      1.509        -0.673      
C15      -13.491      -1.321       -1.793      
C16      -12.779      2.847        2.16        
H24      -13.367      3.036        1.26        
H25      -13.282      2.049        2.714       
H26      -13.864      -0.443       -2.328      
H27      -13.757      -2.212       -2.362      
H28      -13.994      -1.349       -0.824      
H29      -12.769      3.745        2.778       
C34      -8.438       -1.969       -2.272      
H35      -7.784       -1.138       -2.547      
H36      -7.922       -2.538       -1.493      
H37      -8.547       -2.615       -3.145      
C38      -7.688       2.363        2.005       
H39      -7.204       1.406        2.215       
H40      -7.158       2.81         1.159       
H41      -7.544       3.01         2.873       
C42      -10.046      3.971        3.385       
H43      -9.098       4.504        3.262       
H44      -10.829      4.725        3.25        
C45      -10.131      3.397        4.804       
H46      -9.334       2.666        4.973       
H47      -10.037      4.186        5.555       
H48      -11.087      2.888        4.96        
C49      -11.244      -3.001       -3.329      
H50      -10.424      -3.725       -3.324      
H51      -12.146      -3.573       -3.082      
C52      -11.391      -2.4         -4.732      
H53      -12.23       -1.698       -4.767      
H54      -10.486      -1.853       -5.014      
H55      -11.567      -3.18        -5.478      
--------------------------------------------------------------------------------
FREC SAYS: FRAGMENT2 NAME = DTE ID = 2 ATOMLIST = 0 NATOMS = 68
C17      -4.989       -0.144       -0.314      
C18      -5.751       -1.0         0.495       
C19      -7.128       -0.847       0.571       
C20      -7.766       0.163        -0.15       
C21      -7.012       1.018        -0.954      
C22      -5.636       0.866        -1.041      
C23      -3.57        -0.299       -0.395      
H30      -7.715       -1.514       1.195       
H31      -5.052       1.531        -1.669      
H32      -7.508       1.805        -1.514      
H33      -5.257       -1.783       1.06        
C56      -0.948       -0.579       -0.536      
C57      -0.18        0.29         -1.324      
C58      1.197        0.146        -1.389      
C59      1.848        -0.871       -0.678      
C60      1.076        -1.745       0.099       
C61      -0.3         -1.599       0.177       
H62      -0.67        1.084        -1.877      
H63      1.774        0.846        -1.986      
H64      1.557        -2.556       0.635       
H65      -0.885       -2.283       0.783       
C66      -2.368       -0.429       -0.46       
C67      5.514        -1.52        -0.125      
C68      6.586        -1.982       0.762       
C69      7.742        -1.361       1.071       
C70      3.308        -1.027       -0.726      
C71      4.13         -1.53        0.241       
H72      3.776        -1.86        1.209       
C73      8.19         -0.011       0.724       
C74      9.51         0.252        0.231       
C75      9.732        1.565        -0.062      
S76      8.313        2.506        0.304       
H77      10.246       -0.526       0.065       
S78      4.237        -0.56        -2.121      
C79      6.528        -3.358       1.372       
C80      7.725        -3.407       2.351       
C81      8.649        -2.271       1.857       
F82      5.365        -3.603       2.023       
F83      6.664        -4.322       0.428       
F84      7.3          -3.121       3.597       
F85      8.333        -4.602       2.363       
F86      9.262        -1.65        2.886       
F87      9.627        -2.795       1.066       
C88      10.955       2.184        -0.592      
C89      10.913       3.305        -1.424      
C90      12.212       1.646        -0.275      
C91      12.075       3.88         -1.931      
H92      9.956        3.737        -1.702      
C93      13.374       2.2          -0.78       
H94      12.278       0.79         0.39        
C95      13.315       3.325        -1.613      
H96      11.995       4.747        -2.575      
H97      14.344       1.784        -0.532      
O98      14.506       3.798        -2.052      
C99      14.502       4.94         -2.89       
H100     13.958       4.749        -3.822      
H101     14.061       5.806        -2.383      
H102     15.546       5.15         -3.119      
C103     5.732        -1.025       -1.39       
C104     7.02         -0.871       -2.135      
H105     7.76         -1.581       -1.758      
H106     6.884        -1.051       -3.204      
H107     7.432        0.136        -2.007      
C108     7.417        1.121        0.827       
C109     6.013        1.273        1.319       
H110     5.297        1.244        0.491       
H111     5.762        0.457        2.001       
H112     5.879        2.218        1.851       
--------------------------------------------------------------------------------
Done.
