
################################################################################
#                                                                              #
# Python FRagment Electronic Coupling (PyFREC) v2.7                            #
# Program for calculation of electronic couplings                              #
#                                                                              #
# Dmitri Kosenkov,  2016-2022                                                  #
# Monmouth University                                                          #
#                                                                              #
#########################################################################DVK####

2022-03-08 12:57:41
3.8.5 (default, Sep  3 2020, 21:29:08) [MSC v.1916 64 bit (AMD64)]
================================================================================
CONFIGURATION
Configuration File      : .\bodipy_dte_closed.ini
--------------------------------------------------------------------------------
METHODS
JOB                     : MAKE_FRAGMENTS
--------------------------------------------------------------------------------
MOLECULAR_SYSTEM
GEOMETRY_FILE           : ./../pdb/bodipy_dte_closed.pdb
--------------------------------------------------------------------------------
FRAGMENT1
NAME                    : BDP
ID                      : 1
--------------------------------------------------------------------------------
FRAGMENT2
NAME                    : DTE
ID                      : 2
--------------------------------------------------------------------------------
Number of Fragments     : 2
================================================================================
Reading PDB file....
--------------------------------------------------------------------------------
FREC SAYS: FRAGMENT1 NAME = BDP ID = 1 ATOMLIST = 0 NATOMS = 44
B1       -12.174      0.446        0.285       
C2       -9.183       0.274        0.123       
C3       -9.865       1.15         -0.725      
N4       -11.255      1.236        -0.676      
C5       -11.662      -1.364       2.042       
C6       -10.542      -2.012       2.607       
C7       -9.409       -1.507       1.973       
C8       -9.867       -0.54        1.031       
N9       -11.257      -0.488       1.111       
C10      -9.405       2.049        -1.732      
C11      -10.537      2.652        -2.275      
C12      -11.657      2.131        -1.59       
F13      -13.1        -0.306       -0.443      
F14      -12.851      1.329        1.138       
C15      -13.098      2.459        -1.799      
C16      -13.105      -1.575       2.354       
H24      -13.606      -0.617       2.511       
H25      -13.606      -2.071       1.518       
H26      -13.596      2.606        -0.839      
H27      -13.207      3.363        -2.398      
H28      -13.608      1.637        -2.311      
H29      -13.225      -2.192       3.245       
C34      -7.993       2.329        -2.149      
H35      -7.403       2.73         -1.32       
H36      -7.484       1.425        -2.494      
H37      -7.974       3.06         -2.959      
C38      -8.0         -1.935       2.247       
H39      -7.542       -2.391       1.364       
H40      -7.366       -1.092       2.534       
H41      -7.975       -2.671       3.053       
C42      -10.599      -3.088       3.653       
H43      -9.703       -3.042       4.281       
H44      -11.442      -2.903       4.328       
C45      -10.729      -4.492       3.05        
H46      -9.876       -4.713       2.401       
H47      -10.771      -5.255       3.833       
H48      -11.637      -4.571       2.446       
C49      -10.587      3.7          -3.349      
H50      -9.793       3.518        -4.08       
H51      -11.526      3.613        -3.905      
C52      -10.453      5.123        -2.793      
H53      -11.258      5.34         -2.084      
H54      -9.502       5.243        -2.263      
H55      -10.494      5.865        -3.595      
--------------------------------------------------------------------------------
FREC SAYS: FRAGMENT2 NAME = DTE ID = 2 ATOMLIST = 0 NATOMS = 68
C17      -4.907       0.068        -0.066      
C18      -5.693       -0.78        -0.86       
C19      -7.078       -0.711       -0.796      
C20      -7.699       0.202        0.056       
C21      -6.921       1.049        0.847       
C22      -5.536       0.985        0.789       
C23      -3.48        -0.001       -0.127      
H30      -7.683       -1.369       -1.411      
H31      -4.933       1.643        1.405       
H32      -7.405       1.76         1.509       
H33      -5.212       -1.49        -1.523      
C56      -0.846       -0.129       -0.238      
C57      -0.059       0.66         0.613       
C58      1.324        0.591        0.552       
C59      1.961        -0.267       -0.355      
C60      1.17         -1.047       -1.211      
C61      -0.212       -0.984       -1.153      
H62      -0.538       1.324        1.324       
H63      1.913        1.2          1.231       
H64      1.64         -1.694       -1.943      
H65      -0.812       -1.589       -1.823      
C66      -2.272       -0.059       -0.178      
C67      5.567        -1.235       -0.767      
C68      6.569        -2.127       -0.916      
C69      7.954        -1.763       -0.674      
C70      3.425        -0.359       -0.412      
C71      4.147        -1.419       -0.848      
H72      3.7          -2.355       -1.158      
C73      8.282        -0.603       -0.062      
C74      9.564        -0.023       0.2         
C75      9.517        1.264        0.627       
S76      7.874        1.91         0.771       
H77      10.489       -0.548       0.001       
S78      4.409        1.004        0.145       
C79      6.488        -3.549       -1.372      
C80      7.912        -4.109       -1.1        
C81      8.84         -2.866       -1.15       
F82      5.544        -4.284       -0.736      
F83      6.228        -3.647       -2.705      
F84      7.947        -4.62        0.15        
F85      8.269        -5.066       -1.969      
F86      9.953        -3.054       -0.405      
F87      9.247        -2.688       -2.439      
C88      10.66        2.12         0.954       
C89      10.559       3.514        0.927       
C90      11.9         1.555        1.3         
C91      11.646       4.33         1.221       
H92      9.619        3.987        0.656       
C93      12.988       2.352        1.594       
H94      12.006       0.477        1.359       
C95      12.872       3.749        1.556       
H96      11.525       5.405        1.182       
H97      13.942       1.916        1.868       
O98      13.99        4.44         1.861       
C99      13.927       5.857        1.848       
H100     13.673       6.236        0.852       
H101     13.199       6.23         2.577       
H102     14.923       6.205        2.123       
C103     5.958        0.22         -0.497      
C104     6.297        0.871        -1.854      
H105     5.45         0.748        -2.532      
H106     6.505        1.936        -1.74       
H107     7.171        0.388        -2.299      
C108     7.133        0.237        0.504       
C109     6.772        -0.35        1.886       
H110     6.013        0.255        2.384       
H111     6.393        -1.37        1.778       
H112     7.668        -0.376       2.509       
--------------------------------------------------------------------------------
Done.
