
################################################################################
#                                                                              #
# Python FRagment Electronic Coupling (PyFREC) v2.7                            #
# Program for calculation of electronic couplings                              #
#                                                                              #
# Dmitri Kosenkov,  2016-2022                                                  #
# Monmouth University                                                          #
#                                                                              #
#########################################################################DVK####

2022-03-08 12:57:46
3.8.5 (default, Sep  3 2020, 21:29:08) [MSC v.1916 64 bit (AMD64)]
================================================================================
CONFIGURATION
Configuration File      : .\BODIPY_a_ac.ini
--------------------------------------------------------------------------------
METHODS
JOB                     : SURVEY
RATES                   : OVERLAP
--------------------------------------------------------------------------------
MOLECULAR_SYSTEM
GEOMETRY_FILE           : ./../pdb/bodipy_trz_a_ac.pdb
EL_SCR_MODEL            : 1
N                       : 1.3441
--------------------------------------------------------------------------------
FRAGMENT1
NAME                    : BDP
ID                      : 1
ATOMLIST                : 1, 2, 4, 13, 20
ATOMTRANS               : 1, 2, 4, 13, 20
EXSTATE_FILE            : ./BDP_a_b_ac.txt
EXSTATE                 : 1
--------------------------------------------------------------------------------
FRAGMENT2
NAME                    : TRZ
ID                      : 2
ATOMLIST                : 23, 24, 25, 26, 29
ATOMTRANS               : 23, 24, 25, 26, 29
EXSTATE_FILE            : ./TRZ_a_b_c_ac.txt
EXSTATE                 : 1
--------------------------------------------------------------------------------
Number of Fragments     : 2
================================================================================
Reading PDB file....
--------------------------------------------------------------------------------
FREC SAYS: FRAGMENT1 NAME = BDP ID = 1 ATOMLIST = 1, 2, 4, 13, 20 NATOMS = 5
B1       4.221        0.008        0.007       
C2       1.216        -0.002       0.003       
N4       3.301        -1.237       -0.001      
F13      5.037        0.011        -1.129      
C20      -0.272       -0.007       0.003       
--------------------------------------------------------------------------------
FREC SAYS: FRAGMENT2 NAME = TRZ ID = 2 ATOMLIST = 23, 24, 25, 26, 29 NATOMS = 5
C23      -4.542       -0.017       0.001       
N24      -5.175       -0.018       -1.181      
N25      -6.485       -0.009       -1.183      
C26      -7.119       0.001        -0.001      
C29      -8.611       0.049        -0.004      
--------------------------------------------------------------------------------
Reading excited states file...

Fragment: BDP1 tabulated normalized EMISSION spectrum is available. Maximum: 18294.19  cm-1 ( 546.6 nm ) I= 1.0  Arb. Units; Integration limits: 506 - 830 nm
Maximum of the emission is obtained from the tabulated spectrum.

Fragment: TRZ2 tabulated ABSORPTION spectrum is available. Maximum: 17783.47  cm-1 ( 562.3 nm ) Eps= 615.0 M-1 cm-1; Integration limits: 485 - 605 nm
Maximum of the absorption is obtained from the tabulated spectrum.
--------------------------------------------------------------------------------
FRAGMENT1 NAME = BDP ID = 1
EXSTATE_FILE = ./BDP_a_b_ac.txt
B1       2.4105       0.0          0.008       
C2       -0.5961      -0.0         0.0014      
N3       1.4869       -1.2415      -0.0002     
F4       3.229        -0.0003      -1.1272     
C5       -2.0843      -0.0         0.0013      
--------------------------------------------------------------------------------
Coordinates of origin:
(0.0          0.0          0.0         )
None
--------------------------------------------------------------------------------
Excited states read from the input file:
State, Abs. Max, nm, Transition Dipole Moment (x,y,z) ea0, abs. ea0, Debye  
1     0.0          (-0.0001      3.07         0.0001      ) 3.07         7.8032       546.6        
--------------------------------------------------------------------------------
FRAGMENT2 NAME = TRZ ID = 2
EXSTATE_FILE = ./TRZ_a_b_c_ac.txt
C1       -1.7468      -0.001       0.0124      
N2       -1.1338      -1.1857      0.0006      
N3       0.1805       -1.185       -0.0125     
C4       0.8088       0.0017       -0.0107     
C5       2.3012       0.0005       0.0085      
--------------------------------------------------------------------------------
Coordinates of origin:
(0.0          0.0          0.0         )
None
--------------------------------------------------------------------------------
Excited states read from the input file:
State, Abs. Max, nm, Transition Dipole Moment (x,y,z) ea0, abs. ea0, Debye  
1     562.3        (0.002        0.0          0.3492      ) 0.3492       0.8876       0.0          
--------------------------------------------------------------------------------
Transforming fragments...
--------------------------------------------------------------------------------
FRAGMENT1 NAME = BDP ID = 1
--------------------------------------------------------------------------------
Original coordinates used for matching (independent atom index):
B1       2.4105       0.0          0.008       
C2       -0.5961      -0.0         0.0014      
N3       1.4869       -1.2415      -0.0002     
F4       3.229        -0.0003      -1.1272     
C5       -2.0843      -0.0         0.0013      

Mol. Sys. (target) coordinates used for matching:
B1       4.221        0.008        0.007       
C2       1.216        -0.002       0.003       
N4       3.301        -1.237       -0.001      
F13      5.037        0.011        -1.129      
C20      -0.272       -0.007       0.003       
--------------------------------------------------------------------------------
User defined center within coordinate system of the fragment: [0. 0. 0.]
Transformed origin : [ 1.81076117e+00 -5.43552569e-05  7.71298810e-04]
Norm               : 1.810761335573405
[-1.00e-04  3.07e+00  1.00e-04]
--------------------------------------------------------------------------------
Mol. Sys. (target) coordinates all atoms:
B1       4.221        0.008        0.007       
C2       1.216        -0.002       0.003       
N3       3.301        -1.237       -0.001      
F4       5.037        0.011        -1.129      
C5       -0.272       -0.007       0.003       
--------------------------------------------------------------------------------
Transformed coordinates (independent index) compare against target...
B1       4.2213       0.0079       0.0069      
C2       1.2147       -0.002       0.0026      
N3       3.3017       -1.2367      -0.0012     
F4       5.0388       0.0108       -1.129      
C5       -0.2735      -0.0069      0.0037      
--------------------------------------------------------------------------------
TRANSFOMRATION
Scaling     : 0.9994732001364756 (not used info. only)
Translation : [ 1.81076117e+00 -5.43552569e-05  7.71298810e-04]
Norm        : 1.810761335573405
Rotation    :
[[ 9.99994340e-01  3.26994980e-03 -7.91692081e-04]
 [-3.26957362e-03  9.99994542e-01  4.75979189e-04]
 [ 7.93244188e-04 -4.73388000e-04  9.99999573e-01]]
Axis-Angl   : (-0.13970547459824448 -0.2332335435870278 -0.9623328397457579) 0.19467682979348205 deg

--------------------------------------------------------------------------------
METRICS REPORT
Transformation errors, Angstrom     SUM            RMS            N             
All atoms:                        : 8.949279902523348e-06 0.001337854992330884 5             
Only matched atoms:               : 8.949279902523348e-06 0.001337854992330884 5             
--------------------------------------------------------------------------------
FRAGMENT2 NAME = TRZ ID = 2
--------------------------------------------------------------------------------
Original coordinates used for matching (independent atom index):
C1       -1.7468      -0.001       0.0124      
N2       -1.1338      -1.1857      0.0006      
N3       0.1805       -1.185       -0.0125     
C4       0.8088       0.0017       -0.0107     
C5       2.3012       0.0005       0.0085      

Mol. Sys. (target) coordinates used for matching:
C23      -4.542       -0.017       0.001       
N24      -5.175       -0.018       -1.181      
N25      -6.485       -0.009       -1.183      
C26      -7.119       0.001        -0.001      
C29      -8.611       0.049        -0.004      
--------------------------------------------------------------------------------
User defined center within coordinate system of the fragment: [0. 0. 0.]
Transformed origin : [-6.30507233e+00 -9.38142421e-05  4.05783657e-04]
Norm               : 6.305072341714071
[0.002  0.     0.3492]
--------------------------------------------------------------------------------
Mol. Sys. (target) coordinates all atoms:
C1       -4.542       -0.017       0.001       
N2       -5.175       -0.018       -1.181      
N3       -6.485       -0.009       -1.183      
C4       -7.119       0.001        -0.001      
C5       -8.611       0.049        -0.004      
--------------------------------------------------------------------------------
Transformed coordinates (independent index) compare against target...
C1       -4.5583      -0.0175      0.0018      
N2       -5.1698      -0.0182      -1.1837     
N3       -6.4842      -0.0089      -1.1848     
C4       -7.1139      0.003        0.001       
C5       -8.6058      0.0476       -0.0022     
--------------------------------------------------------------------------------
TRANSFOMRATION
Scaling     : 1.0027875511733135 (not used info. only)
Translation : [-6.30507233e+00 -9.38142421e-05  4.05783657e-04]
Norm        : 6.305072341714071
Rotation    :
[[-9.99853644e-01  1.70532348e-02 -1.36995584e-03]
 [-1.37846941e-03 -4.87489941e-04  9.99998931e-01]
 [ 1.70525487e-02  9.99854464e-01  5.10925957e-04]]
Axis-Angl   : (-0.00554357081832254 -0.7069193870895812 -0.7072724008352883) 179.25340735581622 deg

--------------------------------------------------------------------------------
METRICS REPORT
Transformation errors, Angstrom     SUM            RMS            N             
All atoms:                        : 0.0003700215243566252 0.008602575478967043 5             
Only matched atoms:               : 0.0003700215243566252 0.008602575478967043 5             
--------------------------------------------------------------------------------
All fragments PDB coordinates:
B1       4.221        0.008        0.007       
C2       1.216        -0.002       0.003       
N4       3.301        -1.237       -0.001      
F13      5.037        0.011        -1.129      
C20      -0.272       -0.007       0.003       
C23      -4.542       -0.017       0.001       
N24      -5.175       -0.018       -1.181      
N25      -6.485       -0.009       -1.183      
C26      -7.119       0.001        -0.001      
C29      -8.611       0.049        -0.004      
--------------------------------------------------------------------------------
All fragments transformed coordinates (independent index):
B1       4.2213       0.0079       0.0069      
C2       1.2147       -0.002       0.0026      
N3       3.3017       -1.2367      -0.0012     
F4       5.0388       0.0108       -1.129      
C5       -0.2735      -0.0069      0.0037      
C1       -4.5583      -0.0175      0.0018      
N2       -5.1698      -0.0182      -1.1837     
N3       -6.4842      -0.0089      -1.1848     
C4       -7.1139      0.003        0.001       
C5       -8.6058      0.0476       -0.0022     
--------------------------------------------------------------------------------
Survey Forster couplings and rates...
--------------------------------------------------------------------------------
Donor:  BDP1  Acceptor: TRZ2
R, Distance vector:
[-8.11583350e+00 -3.94589853e-05 -3.65515153e-04]
Unnormalized orientation factor kappa: 1.000005089934702
--------------------------------------------------------------------------------
Orientation Factor Decomposition for: BDP1 and TRZ2
dot(nMuDnMuA) =  0.999893009872667
dot(nMuD,nR)  =  -0.011330708611810542
dot(nMuA,nR)  =  0.0032972360298269723
3.0*dot(nMuD,nR)*dot(nMuA,nR) = -0.00011208006203499743
np.dot(nMuD,nMuA)-3.0*np.dot(nMuD,nR)*np.dot(nMuA,nR) = 1.000005089934702
--------------------------------------------------------------------------------
R (Bohr): 15.336701500148482
Electrostatic screening model: Uniform screening
Refractive index N= 1.3441  will be used to calculate the uniform screening factor as 1/n^2
Screening factor: 0.5535244866308088
Empirical tabulated spectra for the donor and acceptor are provided numerical overlap will be calculated...
Numerical integration relative tolerance: 0.001

Integration limits:
Tabulated emission spectrum:                     506 - 830 nm
Tabulated absorption spectrum:                   485 - 605 nm
Overlap:                                         506 - 605 nm

EMS = int[F_D(Lambda)]d(Lambda) = 5.07E+01
Actual integration error: 4.69E-02 ( 9.26E-02 %)
ABSEMS = int[epsilon(Lambda)xF_D(Lambda)xLambda^4]d(Lambda) = 1.55E+15
Actual integration error: 451187468313.0 ( 2.91E-02 %)
Resulting overlap: ABSEMS/EMS = 3.06E+13 M-1 cm-1 nm^4

Resonances are computed based on spectral overlaps

--------------------------------------------------------------------------------
Direct calculation of Forster rates (electronic couplings are not explicitly used)

Spectral overlap: 3.06E+13 M-1 cm-1 nm^4
User-specified refractive index: 1.3441
Unnormalized orientation factor kappa: 1.000005089934702
User-specified quantum yield of the donor: 0.6
User-specified fluorescence lifetime of the donor: 4.30E-09 s
Forster radius: 2.81 nm
Donor-acceptor distance: 8.12 Ang ( 0.81  nm)

Information on oscillator zones:
b = Lambda/(2 PI n) = 64.73 nm

Dexter (contact zone)  0-0.01b (0- 0.65 nm)
Near field (Forster valid) 0.01b-0.1b ( 0.65 - 6.47 nm)
Intermediate zone 0.1b-10 ( 6.47 - 647.25 nm)
Radiation zone (far field) >10b (> 647.25 nm)

Efficiency of the energy transfer (valid for dimers only) E = 0.9994229321025585

Fluorescence rate: 2.33E+08 s-1
Forster (non-radiative) rate: 4.03E+11 s-1

--------------------------------------------------------------------------------
Donor:  TRZ2  Acceptor: BDP1
R, Distance vector:
[8.11583350e+00 3.94589853e-05 3.65515153e-04]
Unnormalized orientation factor kappa: 1.000005089934702
--------------------------------------------------------------------------------
Orientation Factor Decomposition for: TRZ2 and BDP1
dot(nMuDnMuA) =  0.999893009872667
dot(nMuD,nR)  =  -0.0032972360298269723
dot(nMuA,nR)  =  0.011330708611810542
3.0*dot(nMuD,nR)*dot(nMuA,nR) = -0.00011208006203499742
np.dot(nMuD,nMuA)-3.0*np.dot(nMuD,nR)*np.dot(nMuA,nR) = 1.000005089934702
--------------------------------------------------------------------------------
R (Bohr): 15.336701500148482
Electrostatic screening model: Uniform screening
Refractive index N= 1.3441  will be used to calculate the uniform screening factor as 1/n^2
Screening factor: 0.5535244866308088
Resonances are computed based on spectral overlaps

--------------------------------------------------------------------------------
Direct calculation of Forster rates (electronic couplings are not explicitly used)

Spectral overlap: 0.00E+00 M-1 cm-1 nm^4
The Forster rate will be set to zero...

--------------------------------------------------------------------------------
Transformed Excited States for Each Fragment:

 PDB TAG      Ex. St.     Tran. Dipole Moment (x,y,z) a.u.            Abs. a.u.       Abs. Debye      Abs. En, nm          Ems. nm
    BDP1            1 (-0.0101      3.07         0.0016      )             3.07             7.80                0              547
    TRZ2            1 (0.004        0.3492       0.0002      )             0.35             0.89              562                0

--------------------------------------------------------------------------------
Resonances satisfying condition  overlap(Ej,Ei) >= 1.0
       Frg i  PDB TAG        Frg j  PDB TAG      Ex.St i      Ex.St j      Ei cm-1      Ej cm-1      Overlap

           1     BDP1            2     TRZ2            1            1            0        17783    3.064e+13
--------------------------------------------------------------------------------
Total resonances:  1

Electronic couplings list:

Note that the orintation factor percentage is calculated as: Ori, % = 100 x Ori / 2 

       Frg i  PDB TAG        Frg j  PDB TAG      Ex.St i      Ex.St j Abs. Ej-Ei,cm-1         R, A  AxB,(ea0)^2         Ori.        Ori.%   K',(ea0)^2       E,cm-1   Scr.E,cm-1
           1     BDP1            2     TRZ2            1            1    17783.468        8.116        1.072            1       50.000        1.072        65.22         36.1
           2     TRZ2            1     BDP1            1            1   -17783.468        8.116        1.072            1       50.000        1.072        65.22         36.1
--------------------------------------------------------------------------------
Total couplings:  2

Electronic couplings list (non-zero only) that satisfy the resonance condition. Pairs of states i,j and j,i are distinguished.  overlap(Ej,Ei) >= 1.0

       Frg i  PDB TAG        Frg j  PDB TAG      Ex.St i      Ex.St j Abs. Ej-Ei,cm-1         R, A  AxB,(ea0)^2         Ori.        Ori.%   K',(ea0)^2       E,cm-1   Scr.E,cm-1
           1     BDP1            2     TRZ2            1            1    17783.468        8.116        1.072            1       50.000        1.072        65.22         36.1
--------------------------------------------------------------------------------
Total couplings that satisfy the resonance condition:  1
Pairs of states i,j and j,i are distinguished.

Energy transfer rates:

       Frg i  PDB TAG        Frg j  PDB TAG      Ex.St i      Ex.St j   Scr.E,cm-1 J, M-1 cm-1 nm^4      k, ps-1        t, ps
           1     BDP1            2     TRZ2            1            1         36.1    3.064e+13       0.4028        2.483
           2     TRZ2            1     BDP1            1            1         36.1            0            0          inf
--------------------------------------------------------------------------------
Total rates :  2
Done.
