
################################################################################
#                                                                              #
# Python FRagment Electronic Coupling (PyFREC) v2.7                            #
# Program for calculation of electronic couplings                              #
#                                                                              #
# Dmitri Kosenkov,  2016-2022                                                  #
# Monmouth University                                                          #
#                                                                              #
#########################################################################DVK####

2022-04-15 17:02:35
3.8.13 (default, Mar 28 2022, 06:59:08) [MSC v.1916 64 bit (AMD64)]
================================================================================
CONFIGURATION
Configuration File      : .\bodipy_open.ini
--------------------------------------------------------------------------------
METHODS
JOB                     : LIFETIME
--------------------------------------------------------------------------------
MOLECULAR_SYSTEM
N                       : 1.424
SB                      : 1
KAPPA_SQ                : 0.6666
--------------------------------------------------------------------------------
FRAGMENT1
NAME                    : BDP
ID                      : 1
EXSTATE_FILE            : ./bodipy_open.txt
EXSTATE                 : 1
--------------------------------------------------------------------------------
Number of Fragments     : 1
================================================================================
Calculation of lifetimes...
Reading excited states file...

Fragment: BDP1 tabulated ABSORPTION spectrum is available. Maximum: 18975.33  cm-1 ( 527.0 nm ) Eps= 55999.99999999999 M-1 cm-1; Integration limits: 434 - 734 nm
Maximum of the absorption is obtained from the tabulated spectrum.
Fragment: BDP1 tabulated normalized EMISSION spectrum is available. Maximum: 18281.54  cm-1 ( 547.0 nm ) I= 1.0  Arb. Units; Integration limits: 506 - 830 nm
Maximum of the emission is obtained from the tabulated spectrum.
--------------------------------------------------------------------------------
FRAGMENT1 NAME = BDP ID = 1
EXSTATE_FILE = ./bodipy_open.txt
Excited states read from the input file:
State	Abs.Max. nm 	Ems.Max nm  	Eps M-1cm-1 	Q           
1    	527.0       	547.0       	56000.0     	0.6         
--------------------------------------------------------------------------------

Strickler-Berg (SB) calculation of the donor fluorescence  lifetime...
Calculation method: Integration of the emission spectrum...
Fragment: BDP1
--------------------------------------------------------------------------------
State   : 1
Quantum yield:  0.6

Absorption (tabulated spectrum):
Numerical integration tolerances relative: 0.001
Integration limits: 13623.978201634878   23041.474654377882 cm-1
Integral int[a(nu)/nu]d[nu] =  4366.442752855864
Epsilon x Integral int[a(nu)/nu]d[nu] =  4366.442752855864
Actual integration error:  0.344223883504128 ( 0.007883393943021216 %)
--------------------------------------------------------------------------------

Emission (tabulated spectrum):
Numerical integration tolerances relative: 0.001
Integration limits cm-1 12048.192771084337   19762.845849802372
Integral int[e(nu)d[nu] =  1552.005949907555
Actual integration error: 1.0165606676273455 ( 0.06549979191045606 %)
Integral int[e(nu)/nu^3]d[nu] =  2.9404659810018894e-10
Actual integration error: 1.7162659938663928e-10 ( 58.36714333561576 %)
Integral (int[e(nu)/nu^3]d[nu])/(int[e(nu)]dnu) =  1.8946228789761004e-13
--------------------------------------------------------------------------------
Strickler-Berg Calculation summary:

Simplified emission calculation based on the tabulated absorption lineshape:
tau_1 = 6.42E-09 s (1/tau_1 = 1.56E+08 1/s)
Accounts for the quantum  yield:  tau_1(obs) = 3.85E-09 s - this value will be used in further calculations...
--------------------------------------------------------------------------------
Integration based on tabulated spectra:
tau_2 = 7.43E-09 s (1/tau_2 = 1.35E+08 1/s)
Accounts for the quantum  yield:  tau_2(obs) = 4.46E-09 s
--------------------------------------------------------------------------------

Homotransfer Properties
Fragment: BDP1
State   : 1
Numerical integration relative tolerance: 0.001

Integration limits:
Tabulated emission spectrum:                     506 - 830 nm
Tabulated absorption spectrum:                   434 - 734 nm
Overlap:                                         506 - 734 nm

EMS = int[F_D(Lambda)]d(Lambda) = 5.08E+01
Actual integration error: 4.62E-02 ( 9.09E-02 %)
ABSEMS = int[epsilon(Lambda)xF_D(Lambda)xLambda^4]d(Lambda) = 3.48E+16
Actual integration error: 14299644216824.0 ( 4.10E-02 %)
Resulting overlap: ABSEMS/EMS = 6.85E+14 M-1 cm-1 nm^4


--------------------------------------------------------------------------------
Direct calculation of Forster rates (electronic couplings are not explicitly used)

Spectral overlap: 6.85E+14 M-1 cm-1 nm^4
User-specified refractive index: 1.424
User-specified (NOT calculated) orientation factor kappa squared: 0.6666 ( kappa = 0.8164557550780078 )
User-specified quantum yield of the donor: 0.6
Estimated Strickler-Berg fluorescence lifetime of the donor: 3.85E-09 s
Forster radius: 4.25 nm
Donor-acceptor distance is assumed to be the Forster radius: 4.25 nm

Information on oscillator zones:
b = Lambda/(2 PI n) = 61.14 nm

Dexter (contact zone)  0-0.01b (0- 0.61 nm)
Near field (Forster valid) 0.01b-0.1b ( 0.61 - 6.11 nm)
Intermediate zone 0.1b-10 ( 6.11 - 611.36 nm)
Radiation zone (far field) >10b (> 611.36 nm)

Efficiency of the energy transfer (valid for dimers only) E = 0.5

Fluorescence rate: 2.60E+08 s-1
Forster (non-radiative) rate: 2.60E+08 s-1

--------------------------------------------------------------------------------
Done.
