
################################################################################
#                                                                              #
# Python FRagment Electronic Coupling (PyFREC) v2.7                            #
# Program for calculation of electronic couplings                              #
#                                                                              #
# Dmitri Kosenkov,  2016-2022                                                  #
# Monmouth University                                                          #
#                                                                              #
#########################################################################DVK####

2022-04-15 17:02:35
3.8.13 (default, Mar 28 2022, 06:59:08) [MSC v.1916 64 bit (AMD64)]
================================================================================
CONFIGURATION
Configuration File      : .\fluorescein.ini
--------------------------------------------------------------------------------
METHODS
JOB                     : LIFETIME
--------------------------------------------------------------------------------
MOLECULAR_SYSTEM
N                       : 1.3611
SB                      : 1
KAPPA_SQ                : 0.6666
--------------------------------------------------------------------------------
FRAGMENT1
NAME                    : FLR
ID                      : 1
EXSTATE_FILE            : ./fluorescein.txt
EXSTATE                 : 1
--------------------------------------------------------------------------------
Number of Fragments     : 1
================================================================================
Calculation of lifetimes...
Reading excited states file...

Fragment: FLR1 tabulated ABSORPTION spectrum is available. Maximum: 19990.0  cm-1 ( 500.3 nm ) Eps= 92300.0 M-1 cm-1; Integration limits: 400 - 600 nm
Maximum of the absorption is obtained from the tabulated spectrum.
Fragment: FLR1 tabulated normalized EMISSION spectrum is available. Maximum: 18518.52  cm-1 ( 540.0 nm ) I= 1.0  Arb. Units; Integration limits: 500 - 700 nm
Maximum of the emission is obtained from the tabulated spectrum.
--------------------------------------------------------------------------------
FRAGMENT1 NAME = FLR ID = 1
EXSTATE_FILE = ./fluorescein.txt
Excited states read from the input file:
State	Abs.Max. nm 	Ems.Max nm  	Eps M-1cm-1 	Q           
1    	500.3       	540.0       	92300.0     	0.97        
--------------------------------------------------------------------------------

Strickler-Berg (SB) calculation of the donor fluorescence  lifetime...
Calculation method: Integration of the emission spectrum...
Fragment: FLR1
--------------------------------------------------------------------------------
State   : 1
Quantum yield:  0.97

Absorption (tabulated spectrum):
Numerical integration tolerances relative: 0.001
Integration limits: 16666.666666666668   25000.0 cm-1
Integral int[a(nu)/nu]d[nu] =  7187.059813286057
Epsilon x Integral int[a(nu)/nu]d[nu] =  7187.059813286057
Actual integration error:  2.8222725237465056 ( 0.03926880528431431 %)
--------------------------------------------------------------------------------

Emission (tabulated spectrum):
Numerical integration tolerances relative: 0.001
Integration limits cm-1 14285.714285714286   20000.0
Integral int[e(nu)d[nu] =  1531.9023623272644
Actual integration error: 0.721690414478644 ( 0.047110731873423885 %)
Integral int[e(nu)/nu^3]d[nu] =  2.6478343790889787e-10
Actual integration error: 1.752026804906098e-11 ( 6.616829280345342 %)
Integral (int[e(nu)/nu^3]d[nu])/(int[e(nu)]dnu) =  1.7284615809759516e-13
--------------------------------------------------------------------------------
Strickler-Berg Calculation summary:

Simplified emission calculation based on the tabulated absorption lineshape:
tau_1 = 4.11E-09 s (1/tau_1 = 2.44E+08 1/s)
Accounts for the quantum  yield:  tau_1(obs) = 3.98E-09 s - this value will be used in further calculations...
--------------------------------------------------------------------------------
Integration based on tabulated spectra:
tau_2 = 4.51E-09 s (1/tau_2 = 2.22E+08 1/s)
Accounts for the quantum  yield:  tau_2(obs) = 4.37E-09 s
--------------------------------------------------------------------------------

Homotransfer Properties
Fragment: FLR1
State   : 1
Numerical integration relative tolerance: 0.001

Integration limits:
Tabulated emission spectrum:                     500 - 700 nm
Tabulated absorption spectrum:                   400 - 600 nm
Overlap:                                         500 - 600 nm

EMS = int[F_D(Lambda)]d(Lambda) = 4.74E+01
Actual integration error: 1.52E-02 ( 3.20E-02 %)
ABSEMS = int[epsilon(Lambda)xF_D(Lambda)xLambda^4]d(Lambda) = 6.12E+15
Actual integration error: 890046129917.0 ( 1.45E-02 %)
Resulting overlap: ABSEMS/EMS = 1.29E+14 M-1 cm-1 nm^4


--------------------------------------------------------------------------------
Direct calculation of Forster rates (electronic couplings are not explicitly used)

Spectral overlap: 1.29E+14 M-1 cm-1 nm^4
User-specified refractive index: 1.3611
User-specified (NOT calculated) orientation factor kappa squared: 0.6666 ( kappa = 0.8164557550780078 )
User-specified quantum yield of the donor: 0.97
Estimated Strickler-Berg fluorescence lifetime of the donor: 3.98E-09 s
Forster radius: 3.59 nm
Donor-acceptor distance is assumed to be the Forster radius: 3.59 nm

Information on oscillator zones:
b = Lambda/(2 PI n) = 63.14 nm

Dexter (contact zone)  0-0.01b (0- 0.63 nm)
Near field (Forster valid) 0.01b-0.1b ( 0.63 - 6.31 nm)
Intermediate zone 0.1b-10 ( 6.31 - 631.43 nm)
Radiation zone (far field) >10b (> 631.43 nm)

Efficiency of the energy transfer (valid for dimers only) E = 0.5

Fluorescence rate: 2.51E+08 s-1
Forster (non-radiative) rate: 2.51E+08 s-1

--------------------------------------------------------------------------------
Done.
