
################################################################################
#                                                                              #
# Python FRagment Electronic Coupling (PyFREC) v2.7                            #
# Program for calculation of electronic couplings                              #
#                                                                              #
# Dmitri Kosenkov,  2016-2022                                                  #
# Monmouth University                                                          #
#                                                                              #
#########################################################################DVK####

2022-04-15 17:02:36
3.8.13 (default, Mar 28 2022, 06:59:08) [MSC v.1916 64 bit (AMD64)]
================================================================================
CONFIGURATION
Configuration File      : .\popop.ini
--------------------------------------------------------------------------------
METHODS
JOB                     : LIFETIME
--------------------------------------------------------------------------------
MOLECULAR_SYSTEM
N                       : 1.4235
SB                      : 1
KAPPA_SQ                : 0.6666
--------------------------------------------------------------------------------
FRAGMENT1
NAME                    : POP
ID                      : 1
EXSTATE_FILE            : ./popop.txt
EXSTATE                 : 1
--------------------------------------------------------------------------------
Number of Fragments     : 1
================================================================================
Calculation of lifetimes...
Reading excited states file...

Fragment: POP1 tabulated ABSORPTION spectrum is available. Maximum: 27855.15  cm-1 ( 359.0 nm ) Eps= 47000.0 M-1 cm-1; Integration limits: 250 - 450 nm
Maximum of the absorption is obtained from the tabulated spectrum.
Fragment: POP1 tabulated normalized EMISSION spectrum is available. Maximum: 24539.88  cm-1 ( 407.5 nm ) I= 1.0  Arb. Units; Integration limits: 350 - 500 nm
Maximum of the emission is obtained from the tabulated spectrum.
--------------------------------------------------------------------------------
FRAGMENT1 NAME = POP ID = 1
EXSTATE_FILE = ./popop.txt
Excited states read from the input file:
State	Abs.Max. nm 	Ems.Max nm  	Eps M-1cm-1 	Q           
1    	359.0       	407.5       	47000.0     	0.93        
--------------------------------------------------------------------------------

Strickler-Berg (SB) calculation of the donor fluorescence  lifetime...
Calculation method: Integration of the emission spectrum...
Fragment: POP1
--------------------------------------------------------------------------------
State   : 1
Quantum yield:  0.93

Absorption (tabulated spectrum):
Numerical integration tolerances relative: 0.001
Integration limits: 22222.222222222223   40000.0 cm-1
Integral int[a(nu)/nu]d[nu] =  8515.833219062208
Epsilon x Integral int[a(nu)/nu]d[nu] =  8515.833219062208
Actual integration error:  8.475699787786626 ( 0.09952871985344024 %)
--------------------------------------------------------------------------------

Emission (tabulated spectrum):
Numerical integration tolerances relative: 0.001
Integration limits cm-1 20000.0   28571.428571428572
Integral int[e(nu)d[nu] =  2977.9837500919234
Actual integration error: 1.6264319920046546 ( 0.054615207082793875 %)
Integral int[e(nu)/nu^3]d[nu] =  2.1256227217926773e-10
Actual integration error: 1.0353377634587198e-10 ( 48.70750358678663 %)
Integral (int[e(nu)/nu^3]d[nu])/(int[e(nu)]dnu) =  7.137791540088371e-14
--------------------------------------------------------------------------------
Strickler-Berg Calculation summary:

Simplified emission calculation based on the tabulated absorption lineshape:
tau_1 = 1.36E-09 s (1/tau_1 = 7.35E+08 1/s)
Accounts for the quantum  yield:  tau_1(obs) = 1.27E-09 s - this value will be used in further calculations...
--------------------------------------------------------------------------------
Integration based on tabulated spectra:
tau_2 = 1.44E-09 s (1/tau_2 = 6.96E+08 1/s)
Accounts for the quantum  yield:  tau_2(obs) = 1.34E-09 s
--------------------------------------------------------------------------------

Homotransfer Properties
Fragment: POP1
State   : 1
Numerical integration relative tolerance: 0.001

Integration limits:
Tabulated emission spectrum:                     350 - 500 nm
Tabulated absorption spectrum:                   250 - 450 nm
Overlap:                                         350 - 450 nm

EMS = int[F_D(Lambda)]d(Lambda) = 5.11E+01
Actual integration error: 1.16E-02 ( 2.28E-02 %)
ABSEMS = int[epsilon(Lambda)xF_D(Lambda)xLambda^4]d(Lambda) = 4.07E+15
Actual integration error: 1092282919374.0 ( 2.69E-02 %)
Resulting overlap: ABSEMS/EMS = 7.96E+13 M-1 cm-1 nm^4


--------------------------------------------------------------------------------
Direct calculation of Forster rates (electronic couplings are not explicitly used)

Spectral overlap: 7.96E+13 M-1 cm-1 nm^4
User-specified refractive index: 1.4235
User-specified (NOT calculated) orientation factor kappa squared: 0.6666 ( kappa = 0.8164557550780078 )
User-specified quantum yield of the donor: 0.93
Estimated Strickler-Berg fluorescence lifetime of the donor: 1.27E-09 s
Forster radius: 3.19 nm
Donor-acceptor distance is assumed to be the Forster radius: 3.19 nm

Information on oscillator zones:
b = Lambda/(2 PI n) = 45.56 nm

Dexter (contact zone)  0-0.01b (0- 0.46 nm)
Near field (Forster valid) 0.01b-0.1b ( 0.46 - 4.56 nm)
Intermediate zone 0.1b-10 ( 4.56 - 455.61 nm)
Radiation zone (far field) >10b (> 455.61 nm)

Efficiency of the energy transfer (valid for dimers only) E = 0.5

Fluorescence rate: 7.90E+08 s-1
Forster (non-radiative) rate: 7.90E+08 s-1

--------------------------------------------------------------------------------
Done.
