
################################################################################
#                                                                              #
# Python FRagment Electronic Coupling (PyFREC) v2.7                            #
# Program for calculation of electronic couplings                              #
#                                                                              #
# Dmitri Kosenkov,  2016-2022                                                  #
# Monmouth University                                                          #
#                                                                              #
#########################################################################DVK####

2022-04-15 17:02:36
3.8.13 (default, Mar 28 2022, 06:59:08) [MSC v.1916 64 bit (AMD64)]
================================================================================
CONFIGURATION
Configuration File      : .\pterphenyl.ini
--------------------------------------------------------------------------------
METHODS
JOB                     : LIFETIME
--------------------------------------------------------------------------------
MOLECULAR_SYSTEM
N                       : 1.4235
SB                      : 1
KAPPA_SQ                : 0.6666
--------------------------------------------------------------------------------
FRAGMENT1
NAME                    : PTR
ID                      : 1
EXSTATE_FILE            : ./pterphenyl.txt
EXSTATE                 : 1
--------------------------------------------------------------------------------
Number of Fragments     : 1
================================================================================
Calculation of lifetimes...
Reading excited states file...

Fragment: PTR1 tabulated ABSORPTION spectrum is available. Maximum: 36199.1  cm-1 ( 276.2 nm ) Eps= 33800.0 M-1 cm-1; Integration limits: 235 - 333 nm
Maximum of the absorption is obtained from the tabulated spectrum.
Fragment: PTR1 tabulated normalized EMISSION spectrum is available. Maximum: 29629.63  cm-1 ( 337.5 nm ) I= 1.0  Arb. Units; Integration limits: 300 - 500 nm
Maximum of the emission is obtained from the tabulated spectrum.
--------------------------------------------------------------------------------
FRAGMENT1 NAME = PTR ID = 1
EXSTATE_FILE = ./pterphenyl.txt
Excited states read from the input file:
State	Abs.Max. nm 	Ems.Max nm  	Eps M-1cm-1 	Q           
1    	276.2       	337.5       	33800.0     	0.93        
--------------------------------------------------------------------------------

Strickler-Berg (SB) calculation of the donor fluorescence  lifetime...
Calculation method: Integration of the emission spectrum...
Fragment: PTR1
--------------------------------------------------------------------------------
State   : 1
Quantum yield:  0.93

Absorption (tabulated spectrum):
Numerical integration tolerances relative: 0.001
Integration limits: 30030.03003003003   42553.1914893617 cm-1
Integral int[a(nu)/nu]d[nu] =  5544.408320720441
Epsilon x Integral int[a(nu)/nu]d[nu] =  5544.408320720441
Actual integration error:  3.8957115191660705 ( 0.07026379180276283 %)
--------------------------------------------------------------------------------

Emission (tabulated spectrum):
Numerical integration tolerances relative: 0.001
Integration limits cm-1 20000.0   33333.333333333336
Integral int[e(nu)d[nu] =  3893.6874275656
Actual integration error: 2.3058586488996298 ( 0.059220435430311164 %)
Integral int[e(nu)/nu^3]d[nu] =  1.6018953670259872e-10
Actual integration error: 7.087228722891857e-11 ( 44.242769339234144 %)
Integral (int[e(nu)/nu^3]d[nu])/(int[e(nu)]dnu) =  4.114083107147405e-14
--------------------------------------------------------------------------------
Strickler-Berg Calculation summary:

Simplified emission calculation based on the tabulated absorption lineshape:
tau_1 = 1.19E-09 s (1/tau_1 = 8.42E+08 1/s)
Accounts for the quantum  yield:  tau_1(obs) = 1.10E-09 s - this value will be used in further calculations...
--------------------------------------------------------------------------------
Integration based on tabulated spectra:
tau_2 = 1.27E-09 s (1/tau_2 = 7.87E+08 1/s)
Accounts for the quantum  yield:  tau_2(obs) = 1.18E-09 s
--------------------------------------------------------------------------------

Homotransfer Properties
Fragment: PTR1
State   : 1
Numerical integration relative tolerance: 0.001

Integration limits:
Tabulated emission spectrum:                     300 - 500 nm
Tabulated absorption spectrum:                   235 - 333 nm
Overlap:                                         300 - 333 nm

EMS = int[F_D(Lambda)]d(Lambda) = 4.62E+01
Actual integration error: 4.25E-02 ( 9.20E-02 %)
ABSEMS = int[epsilon(Lambda)xF_D(Lambda)xLambda^4]d(Lambda) = 1.05E+14
Actual integration error: 55304253556.046875 ( 5.27E-02 %)
Resulting overlap: ABSEMS/EMS = 2.27E+12 M-1 cm-1 nm^4


--------------------------------------------------------------------------------
Direct calculation of Forster rates (electronic couplings are not explicitly used)

Spectral overlap: 2.27E+12 M-1 cm-1 nm^4
User-specified refractive index: 1.4235
User-specified (NOT calculated) orientation factor kappa squared: 0.6666 ( kappa = 0.8164557550780078 )
User-specified quantum yield of the donor: 0.93
Estimated Strickler-Berg fluorescence lifetime of the donor: 1.10E-09 s
Forster radius: 1.76 nm
Donor-acceptor distance is assumed to be the Forster radius: 1.76 nm

Information on oscillator zones:
b = Lambda/(2 PI n) = 37.73 nm

Dexter (contact zone)  0-0.01b (0- 0.38 nm)
Near field (Forster valid) 0.01b-0.1b ( 0.38 - 3.77 nm)
Intermediate zone 0.1b-10 ( 3.77 - 377.34 nm)
Radiation zone (far field) >10b (> 377.34 nm)

Efficiency of the energy transfer (valid for dimers only) E = 0.5

Fluorescence rate: 9.05E+08 s-1
Forster (non-radiative) rate: 9.05E+08 s-1

--------------------------------------------------------------------------------
Done.
