
################################################################################
#                                                                              #
# Python FRagment Electronic Coupling (PyFREC) v2.7                            #
# Program for calculation of electronic couplings                              #
#                                                                              #
# Dmitri Kosenkov,  2016-2022                                                  #
# Monmouth University                                                          #
#                                                                              #
#########################################################################DVK####

2022-04-15 17:02:35
3.8.13 (default, Mar 28 2022, 06:59:08) [MSC v.1916 64 bit (AMD64)]
================================================================================
CONFIGURATION
Configuration File      : .\rhodamineb.ini
--------------------------------------------------------------------------------
METHODS
JOB                     : LIFETIME
--------------------------------------------------------------------------------
MOLECULAR_SYSTEM
N                       : 1.3611
SB                      : 1
KAPPA_SQ                : 0.6666
--------------------------------------------------------------------------------
FRAGMENT1
NAME                    : RHD
ID                      : 1
EXSTATE_FILE            : ./rhodamineb.txt
EXSTATE                 : 1
--------------------------------------------------------------------------------
Number of Fragments     : 1
================================================================================
Calculation of lifetimes...
Reading excited states file...

Fragment: RHD1 tabulated ABSORPTION spectrum is available. Maximum: 18424.69  cm-1 ( 542.8 nm ) Eps= 106000.0 M-1 cm-1; Integration limits: 440 - 700 nm
Maximum of the absorption is obtained from the tabulated spectrum.
Fragment: RHD1 tabulated normalized EMISSION spectrum is available. Maximum: 17699.12  cm-1 ( 565.0 nm ) I= 1.0  Arb. Units; Integration limits: 500 - 750 nm
Maximum of the emission is obtained from the tabulated spectrum.
--------------------------------------------------------------------------------
FRAGMENT1 NAME = RHD ID = 1
EXSTATE_FILE = ./rhodamineb.txt
Excited states read from the input file:
State	Abs.Max. nm 	Ems.Max nm  	Eps M-1cm-1 	Q           
1    	542.8       	565.0       	106000.0    	0.7         
--------------------------------------------------------------------------------

Strickler-Berg (SB) calculation of the donor fluorescence  lifetime...
Calculation method: Integration of the emission spectrum...
Fragment: RHD1
--------------------------------------------------------------------------------
State   : 1
Quantum yield:  0.7

Absorption (tabulated spectrum):
Numerical integration tolerances relative: 0.001
Integration limits: 14285.714285714286   22727.272727272728 cm-1
Integral int[a(nu)/nu]d[nu] =  8883.864218607927
Epsilon x Integral int[a(nu)/nu]d[nu] =  8883.864218607927
Actual integration error:  6.370882056811752 ( 0.07171296071215785 %)
--------------------------------------------------------------------------------

Emission (tabulated spectrum):
Numerical integration tolerances relative: 0.001
Integration limits cm-1 13333.333333333334   20000.0
Integral int[e(nu)d[nu] =  1560.2996271463464
Actual integration error: 0.7005705512358418 ( 0.04489974483408196 %)
Integral int[e(nu)/nu^3]d[nu] =  3.044395836442198e-10
Actual integration error: 5.265239149865595e-11 ( 17.29485728116999 %)
Integral (int[e(nu)/nu^3]d[nu])/(int[e(nu)]dnu) =  1.9511610356596287e-13
--------------------------------------------------------------------------------
Strickler-Berg Calculation summary:

Simplified emission calculation based on the tabulated absorption lineshape:
tau_1 = 3.80E-09 s (1/tau_1 = 2.63E+08 1/s)
Accounts for the quantum  yield:  tau_1(obs) = 2.66E-09 s - this value will be used in further calculations...
--------------------------------------------------------------------------------
Integration based on tabulated spectra:
tau_2 = 4.12E-09 s (1/tau_2 = 2.43E+08 1/s)
Accounts for the quantum  yield:  tau_2(obs) = 2.88E-09 s
--------------------------------------------------------------------------------

Homotransfer Properties
Fragment: RHD1
State   : 1
Numerical integration relative tolerance: 0.001

Integration limits:
Tabulated emission spectrum:                     500 - 750 nm
Tabulated absorption spectrum:                   440 - 700 nm
Overlap:                                         500 - 700 nm

EMS = int[F_D(Lambda)]d(Lambda) = 5.24E+01
Actual integration error: 3.64E-02 ( 6.96E-02 %)
ABSEMS = int[epsilon(Lambda)xF_D(Lambda)xLambda^4]d(Lambda) = 1.24E+17
Actual integration error: 68065408406432.0 ( 5.50E-02 %)
Resulting overlap: ABSEMS/EMS = 2.36E+15 M-1 cm-1 nm^4


--------------------------------------------------------------------------------
Direct calculation of Forster rates (electronic couplings are not explicitly used)

Spectral overlap: 2.36E+15 M-1 cm-1 nm^4
User-specified refractive index: 1.3611
User-specified (NOT calculated) orientation factor kappa squared: 0.6666 ( kappa = 0.8164557550780078 )
User-specified quantum yield of the donor: 0.7
Estimated Strickler-Berg fluorescence lifetime of the donor: 2.66E-09 s
Forster radius: 5.52 nm
Donor-acceptor distance is assumed to be the Forster radius: 5.52 nm

Information on oscillator zones:
b = Lambda/(2 PI n) = 66.07 nm

Dexter (contact zone)  0-0.01b (0- 0.66 nm)
Near field (Forster valid) 0.01b-0.1b ( 0.66 - 6.61 nm)
Intermediate zone 0.1b-10 ( 6.61 - 660.66 nm)
Radiation zone (far field) >10b (> 660.66 nm)

Efficiency of the energy transfer (valid for dimers only) E = 0.5

Fluorescence rate: 3.76E+08 s-1
Forster (non-radiative) rate: 3.76E+08 s-1

--------------------------------------------------------------------------------
Done.
